{"C:\\Users\\Acer\\OneDrive - Shiv Nadar University\\Desktop\\final_testing\\final_test\\src\\common-partner-login-sdk\\lib\\esm\\index.js": {"path":"C:\\Users\\Acer\\OneDrive - Shiv Nadar University\\Desktop\\final_testing\\final_test\\src\\common-partner-login-sdk\\lib\\esm\\index.js","all":false,"statementMap":{"0":{"start":{"line":1,"column":0},"end":{"line":1,"column":21}},"1":{"start":{"line":2,"column":0},"end":{"line":2,"column":0}},"2":{"start":{"line":3,"column":0},"end":{"line":3,"column":84}},"3":{"start":{"line":4,"column":0},"end":{"line":4,"column":82}},"4":{"start":{"line":5,"column":0},"end":{"line":5,"column":38}},"5":{"start":{"line":6,"column":0},"end":{"line":6,"column":20}}},"s":{"0":1,"1":1,"2":1,"3":1,"4":1,"5":1},"branchMap":{},"b":{},"fnMap":{},"f":{}}
,"C:\\Users\\Acer\\OneDrive - Shiv Nadar University\\Desktop\\final_testing\\final_test\\src\\common-partner-login-sdk\\lib\\esm\\login-client.js": {"path":"C:\\Users\\Acer\\OneDrive - Shiv Nadar University\\Desktop\\final_testing\\final_test\\src\\common-partner-login-sdk\\lib\\esm\\login-client.js","all":false,"statementMap":{"0":{"start":{"line":1,"column":0},"end":{"line":1,"column":21}},"1":{"start":{"line":2,"column":0},"end":{"line":2,"column":0}},"2":{"start":{"line":3,"column":0},"end":{"line":3,"column":82}},"3":{"start":{"line":4,"column":0},"end":{"line":4,"column":19}},"4":{"start":{"line":5,"column":0},"end":{"line":5,"column":19}},"5":{"start":{"line":6,"column":0},"end":{"line":6,"column":26}},"6":{"start":{"line":7,"column":0},"end":{"line":7,"column":46}},"7":{"start":{"line":8,"column":0},"end":{"line":8,"column":65}},"8":{"start":{"line":9,"column":0},"end":{"line":9,"column":44}},"9":{"start":{"line":10,"column":0},"end":{"line":10,"column":103}},"10":{"start":{"line":11,"column":0},"end":{"line":11,"column":59}},"11":{"start":{"line":12,"column":0},"end":{"line":12,"column":54}},"12":{"start":{"line":13,"column":0},"end":{"line":13,"column":76}},"13":{"start":{"line":14,"column":0},"end":{"line":14,"column":86}},"14":{"start":{"line":15,"column":0},"end":{"line":15,"column":63}},"15":{"start":{"line":16,"column":0},"end":{"line":16,"column":41}},"16":{"start":{"line":17,"column":0},"end":{"line":17,"column":33}},"17":{"start":{"line":18,"column":0},"end":{"line":18,"column":30}},"18":{"start":{"line":19,"column":0},"end":{"line":19,"column":33}},"19":{"start":{"line":20,"column":0},"end":{"line":20,"column":71}},"20":{"start":{"line":21,"column":0},"end":{"line":21,"column":72}},"21":{"start":{"line":22,"column":0},"end":{"line":22,"column":18}},"22":{"start":{"line":23,"column":0},"end":{"line":23,"column":33}},"23":{"start":{"line":24,"column":0},"end":{"line":24,"column":9}},"24":{"start":{"line":25,"column":0},"end":{"line":25,"column":5}},"25":{"start":{"line":26,"column":0},"end":{"line":26,"column":28}},"26":{"start":{"line":27,"column":0},"end":{"line":27,"column":44}},"27":{"start":{"line":28,"column":0},"end":{"line":28,"column":44}},"28":{"start":{"line":29,"column":0},"end":{"line":29,"column":72}},"29":{"start":{"line":30,"column":0},"end":{"line":30,"column":9}},"30":{"start":{"line":31,"column":0},"end":{"line":31,"column":49}},"31":{"start":{"line":32,"column":0},"end":{"line":32,"column":43}},"32":{"start":{"line":33,"column":0},"end":{"line":33,"column":46}},"33":{"start":{"line":34,"column":0},"end":{"line":34,"column":57}},"34":{"start":{"line":35,"column":0},"end":{"line":35,"column":66}},"35":{"start":{"line":36,"column":0},"end":{"line":36,"column":63}},"36":{"start":{"line":37,"column":0},"end":{"line":37,"column":34}},"37":{"start":{"line":38,"column":0},"end":{"line":38,"column":19}},"38":{"start":{"line":39,"column":0},"end":{"line":39,"column":36}},"39":{"start":{"line":40,"column":0},"end":{"line":40,"column":39}},"40":{"start":{"line":41,"column":0},"end":{"line":41,"column":15}},"41":{"start":{"line":42,"column":0},"end":{"line":42,"column":11}},"42":{"start":{"line":43,"column":0},"end":{"line":43,"column":5}},"43":{"start":{"line":44,"column":0},"end":{"line":44,"column":26}},"44":{"start":{"line":45,"column":0},"end":{"line":45,"column":39}},"45":{"start":{"line":46,"column":0},"end":{"line":46,"column":49}},"46":{"start":{"line":47,"column":0},"end":{"line":47,"column":53}},"47":{"start":{"line":48,"column":0},"end":{"line":48,"column":42}},"48":{"start":{"line":49,"column":0},"end":{"line":49,"column":48}},"49":{"start":{"line":50,"column":0},"end":{"line":50,"column":25}},"50":{"start":{"line":51,"column":0},"end":{"line":51,"column":47}},"51":{"start":{"line":52,"column":0},"end":{"line":52,"column":37}},"52":{"start":{"line":53,"column":0},"end":{"line":53,"column":19}},"53":{"start":{"line":54,"column":0},"end":{"line":54,"column":27}},"54":{"start":{"line":55,"column":0},"end":{"line":55,"column":120}},"55":{"start":{"line":56,"column":0},"end":{"line":56,"column":53}},"56":{"start":{"line":57,"column":0},"end":{"line":57,"column":82}},"57":{"start":{"line":58,"column":0},"end":{"line":58,"column":17}},"58":{"start":{"line":59,"column":0},"end":{"line":59,"column":22}},"59":{"start":{"line":60,"column":0},"end":{"line":60,"column":40}},"60":{"start":{"line":61,"column":0},"end":{"line":61,"column":72}},"61":{"start":{"line":62,"column":0},"end":{"line":62,"column":32}},"62":{"start":{"line":63,"column":0},"end":{"line":63,"column":56}},"63":{"start":{"line":64,"column":0},"end":{"line":64,"column":58}},"64":{"start":{"line":65,"column":0},"end":{"line":65,"column":27}},"65":{"start":{"line":66,"column":0},"end":{"line":66,"column":21}},"66":{"start":{"line":67,"column":0},"end":{"line":67,"column":17}},"67":{"start":{"line":68,"column":0},"end":{"line":68,"column":15}},"68":{"start":{"line":69,"column":0},"end":{"line":69,"column":11}},"69":{"start":{"line":70,"column":0},"end":{"line":70,"column":5}},"70":{"start":{"line":71,"column":0},"end":{"line":71,"column":20}},"71":{"start":{"line":72,"column":0},"end":{"line":72,"column":34}},"72":{"start":{"line":73,"column":0},"end":{"line":73,"column":39}},"73":{"start":{"line":74,"column":0},"end":{"line":74,"column":55}},"74":{"start":{"line":75,"column":0},"end":{"line":75,"column":9}},"75":{"start":{"line":76,"column":0},"end":{"line":76,"column":14}},"76":{"start":{"line":77,"column":0},"end":{"line":77,"column":72}},"77":{"start":{"line":78,"column":0},"end":{"line":78,"column":9}},"78":{"start":{"line":79,"column":0},"end":{"line":79,"column":5}},"79":{"start":{"line":80,"column":0},"end":{"line":80,"column":32}},"80":{"start":{"line":81,"column":0},"end":{"line":81,"column":49}},"81":{"start":{"line":82,"column":0},"end":{"line":82,"column":60}},"82":{"start":{"line":83,"column":0},"end":{"line":83,"column":69}},"83":{"start":{"line":84,"column":0},"end":{"line":84,"column":46}},"84":{"start":{"line":85,"column":0},"end":{"line":85,"column":29}},"85":{"start":{"line":86,"column":0},"end":{"line":86,"column":56}},"86":{"start":{"line":87,"column":0},"end":{"line":87,"column":34}},"87":{"start":{"line":88,"column":0},"end":{"line":88,"column":23}},"88":{"start":{"line":89,"column":0},"end":{"line":89,"column":17}},"89":{"start":{"line":90,"column":0},"end":{"line":90,"column":22}},"90":{"start":{"line":91,"column":0},"end":{"line":91,"column":29}},"91":{"start":{"line":92,"column":0},"end":{"line":92,"column":54}},"92":{"start":{"line":93,"column":0},"end":{"line":93,"column":34}},"93":{"start":{"line":94,"column":0},"end":{"line":94,"column":23}},"94":{"start":{"line":95,"column":0},"end":{"line":95,"column":17}},"95":{"start":{"line":96,"column":0},"end":{"line":96,"column":27}},"96":{"start":{"line":97,"column":0},"end":{"line":97,"column":30}},"97":{"start":{"line":98,"column":0},"end":{"line":98,"column":15}},"98":{"start":{"line":99,"column":0},"end":{"line":99,"column":11}},"99":{"start":{"line":100,"column":0},"end":{"line":100,"column":5}},"100":{"start":{"line":101,"column":0},"end":{"line":101,"column":33}},"101":{"start":{"line":102,"column":0},"end":{"line":102,"column":49}},"102":{"start":{"line":103,"column":0},"end":{"line":103,"column":83}},"103":{"start":{"line":104,"column":0},"end":{"line":104,"column":25}},"104":{"start":{"line":105,"column":0},"end":{"line":105,"column":50}},"105":{"start":{"line":106,"column":0},"end":{"line":106,"column":30}},"106":{"start":{"line":107,"column":0},"end":{"line":107,"column":19}},"107":{"start":{"line":108,"column":0},"end":{"line":108,"column":27}},"108":{"start":{"line":109,"column":0},"end":{"line":109,"column":30}},"109":{"start":{"line":110,"column":0},"end":{"line":110,"column":15}},"110":{"start":{"line":111,"column":0},"end":{"line":111,"column":11}},"111":{"start":{"line":112,"column":0},"end":{"line":112,"column":5}},"112":{"start":{"line":113,"column":0},"end":{"line":113,"column":46}},"113":{"start":{"line":114,"column":0},"end":{"line":114,"column":49}},"114":{"start":{"line":115,"column":0},"end":{"line":115,"column":43}},"115":{"start":{"line":116,"column":0},"end":{"line":116,"column":31}},"116":{"start":{"line":117,"column":0},"end":{"line":117,"column":82}},"117":{"start":{"line":118,"column":0},"end":{"line":118,"column":29}},"118":{"start":{"line":119,"column":0},"end":{"line":119,"column":64}},"119":{"start":{"line":120,"column":0},"end":{"line":120,"column":28}},"120":{"start":{"line":121,"column":0},"end":{"line":121,"column":23}},"121":{"start":{"line":122,"column":0},"end":{"line":122,"column":31}},"122":{"start":{"line":123,"column":0},"end":{"line":123,"column":34}},"123":{"start":{"line":124,"column":0},"end":{"line":124,"column":19}},"124":{"start":{"line":125,"column":0},"end":{"line":125,"column":27}},"125":{"start":{"line":126,"column":0},"end":{"line":126,"column":30}},"126":{"start":{"line":127,"column":0},"end":{"line":127,"column":15}},"127":{"start":{"line":128,"column":0},"end":{"line":128,"column":11}},"128":{"start":{"line":129,"column":0},"end":{"line":129,"column":5}},"129":{"start":{"line":130,"column":0},"end":{"line":130,"column":30}},"130":{"start":{"line":131,"column":0},"end":{"line":131,"column":49}},"131":{"start":{"line":132,"column":0},"end":{"line":132,"column":41}},"132":{"start":{"line":133,"column":0},"end":{"line":133,"column":31}},"133":{"start":{"line":134,"column":0},"end":{"line":134,"column":25}},"134":{"start":{"line":135,"column":0},"end":{"line":135,"column":59}},"135":{"start":{"line":136,"column":0},"end":{"line":136,"column":24}},"136":{"start":{"line":137,"column":0},"end":{"line":137,"column":19}},"137":{"start":{"line":138,"column":0},"end":{"line":138,"column":27}},"138":{"start":{"line":139,"column":0},"end":{"line":139,"column":30}},"139":{"start":{"line":140,"column":0},"end":{"line":140,"column":15}},"140":{"start":{"line":141,"column":0},"end":{"line":141,"column":11}},"141":{"start":{"line":142,"column":0},"end":{"line":142,"column":5}},"142":{"start":{"line":143,"column":0},"end":{"line":143,"column":58}},"143":{"start":{"line":144,"column":0},"end":{"line":144,"column":49}},"144":{"start":{"line":145,"column":0},"end":{"line":145,"column":66}},"145":{"start":{"line":146,"column":0},"end":{"line":146,"column":31}},"146":{"start":{"line":147,"column":0},"end":{"line":147,"column":25}},"147":{"start":{"line":148,"column":0},"end":{"line":148,"column":58}},"148":{"start":{"line":149,"column":0},"end":{"line":149,"column":24}},"149":{"start":{"line":150,"column":0},"end":{"line":150,"column":19}},"150":{"start":{"line":151,"column":0},"end":{"line":151,"column":27}},"151":{"start":{"line":152,"column":0},"end":{"line":152,"column":30}},"152":{"start":{"line":153,"column":0},"end":{"line":153,"column":15}},"153":{"start":{"line":154,"column":0},"end":{"line":154,"column":11}},"154":{"start":{"line":155,"column":0},"end":{"line":155,"column":5}},"155":{"start":{"line":156,"column":0},"end":{"line":156,"column":45}},"156":{"start":{"line":157,"column":0},"end":{"line":157,"column":70}},"157":{"start":{"line":158,"column":0},"end":{"line":158,"column":72}},"158":{"start":{"line":159,"column":0},"end":{"line":159,"column":18}},"159":{"start":{"line":160,"column":0},"end":{"line":160,"column":33}},"160":{"start":{"line":161,"column":0},"end":{"line":161,"column":9}},"161":{"start":{"line":162,"column":0},"end":{"line":162,"column":77}},"162":{"start":{"line":163,"column":0},"end":{"line":163,"column":52}},"163":{"start":{"line":164,"column":0},"end":{"line":164,"column":109}},"164":{"start":{"line":165,"column":0},"end":{"line":165,"column":9}},"165":{"start":{"line":166,"column":0},"end":{"line":166,"column":45}},"166":{"start":{"line":167,"column":0},"end":{"line":167,"column":320}},"167":{"start":{"line":168,"column":0},"end":{"line":168,"column":47}},"168":{"start":{"line":169,"column":0},"end":{"line":169,"column":5}},"169":{"start":{"line":170,"column":0},"end":{"line":170,"column":16}},"170":{"start":{"line":171,"column":0},"end":{"line":171,"column":24}},"171":{"start":{"line":172,"column":0},"end":{"line":172,"column":44}},"172":{"start":{"line":173,"column":0},"end":{"line":173,"column":53}},"173":{"start":{"line":174,"column":0},"end":{"line":174,"column":34}},"174":{"start":{"line":175,"column":0},"end":{"line":175,"column":72}},"175":{"start":{"line":176,"column":0},"end":{"line":176,"column":62}},"176":{"start":{"line":177,"column":0},"end":{"line":177,"column":66}},"177":{"start":{"line":178,"column":0},"end":{"line":178,"column":58}},"178":{"start":{"line":179,"column":0},"end":{"line":179,"column":33}},"179":{"start":{"line":180,"column":0},"end":{"line":180,"column":58}},"180":{"start":{"line":181,"column":0},"end":{"line":181,"column":32}},"181":{"start":{"line":182,"column":0},"end":{"line":182,"column":27}},"182":{"start":{"line":183,"column":0},"end":{"line":183,"column":35}},"183":{"start":{"line":184,"column":0},"end":{"line":184,"column":32}},"184":{"start":{"line":185,"column":0},"end":{"line":185,"column":57}},"185":{"start":{"line":186,"column":0},"end":{"line":186,"column":94}},"186":{"start":{"line":187,"column":0},"end":{"line":187,"column":27}},"187":{"start":{"line":188,"column":0},"end":{"line":188,"column":23}},"188":{"start":{"line":189,"column":0},"end":{"line":189,"column":25}},"189":{"start":{"line":190,"column":0},"end":{"line":190,"column":15}},"190":{"start":{"line":191,"column":0},"end":{"line":191,"column":9}},"191":{"start":{"line":192,"column":0},"end":{"line":192,"column":121}},"192":{"start":{"line":193,"column":0},"end":{"line":193,"column":5}},"193":{"start":{"line":194,"column":0},"end":{"line":194,"column":25}},"194":{"start":{"line":195,"column":0},"end":{"line":195,"column":16}},"195":{"start":{"line":196,"column":0},"end":{"line":196,"column":18}},"196":{"start":{"line":197,"column":0},"end":{"line":197,"column":49}},"197":{"start":{"line":198,"column":0},"end":{"line":198,"column":64}},"198":{"start":{"line":199,"column":0},"end":{"line":199,"column":51}},"199":{"start":{"line":200,"column":0},"end":{"line":200,"column":95}},"200":{"start":{"line":201,"column":0},"end":{"line":201,"column":28}},"201":{"start":{"line":202,"column":0},"end":{"line":202,"column":34}},"202":{"start":{"line":203,"column":0},"end":{"line":203,"column":30}},"203":{"start":{"line":204,"column":0},"end":{"line":204,"column":60}},"204":{"start":{"line":205,"column":0},"end":{"line":205,"column":84}},"205":{"start":{"line":206,"column":0},"end":{"line":206,"column":21}},"206":{"start":{"line":207,"column":0},"end":{"line":207,"column":46}},"207":{"start":{"line":208,"column":0},"end":{"line":208,"column":57}},"208":{"start":{"line":209,"column":0},"end":{"line":209,"column":42}},"209":{"start":{"line":210,"column":0},"end":{"line":210,"column":42}},"210":{"start":{"line":211,"column":0},"end":{"line":211,"column":25}},"211":{"start":{"line":212,"column":0},"end":{"line":212,"column":30}},"212":{"start":{"line":213,"column":0},"end":{"line":213,"column":74}},"213":{"start":{"line":214,"column":0},"end":{"line":214,"column":45}},"214":{"start":{"line":215,"column":0},"end":{"line":215,"column":25}},"215":{"start":{"line":216,"column":0},"end":{"line":216,"column":23}},"216":{"start":{"line":217,"column":0},"end":{"line":217,"column":42}},"217":{"start":{"line":218,"column":0},"end":{"line":218,"column":45}},"218":{"start":{"line":219,"column":0},"end":{"line":219,"column":19}},"219":{"start":{"line":220,"column":0},"end":{"line":220,"column":15}},"220":{"start":{"line":221,"column":0},"end":{"line":221,"column":11}},"221":{"start":{"line":222,"column":0},"end":{"line":222,"column":5}},"222":{"start":{"line":223,"column":0},"end":{"line":223,"column":26}},"223":{"start":{"line":224,"column":0},"end":{"line":224,"column":16}},"224":{"start":{"line":225,"column":0},"end":{"line":225,"column":18}},"225":{"start":{"line":226,"column":0},"end":{"line":226,"column":49}},"226":{"start":{"line":227,"column":0},"end":{"line":227,"column":64}},"227":{"start":{"line":228,"column":0},"end":{"line":228,"column":76}},"228":{"start":{"line":229,"column":0},"end":{"line":229,"column":28}},"229":{"start":{"line":230,"column":0},"end":{"line":230,"column":34}},"230":{"start":{"line":231,"column":0},"end":{"line":231,"column":30}},"231":{"start":{"line":232,"column":0},"end":{"line":232,"column":60}},"232":{"start":{"line":233,"column":0},"end":{"line":233,"column":84}},"233":{"start":{"line":234,"column":0},"end":{"line":234,"column":21}},"234":{"start":{"line":235,"column":0},"end":{"line":235,"column":46}},"235":{"start":{"line":236,"column":0},"end":{"line":236,"column":57}},"236":{"start":{"line":237,"column":0},"end":{"line":237,"column":42}},"237":{"start":{"line":238,"column":0},"end":{"line":238,"column":42}},"238":{"start":{"line":239,"column":0},"end":{"line":239,"column":25}},"239":{"start":{"line":240,"column":0},"end":{"line":240,"column":30}},"240":{"start":{"line":241,"column":0},"end":{"line":241,"column":74}},"241":{"start":{"line":242,"column":0},"end":{"line":242,"column":45}},"242":{"start":{"line":243,"column":0},"end":{"line":243,"column":25}},"243":{"start":{"line":244,"column":0},"end":{"line":244,"column":23}},"244":{"start":{"line":245,"column":0},"end":{"line":245,"column":42}},"245":{"start":{"line":246,"column":0},"end":{"line":246,"column":45}},"246":{"start":{"line":247,"column":0},"end":{"line":247,"column":19}},"247":{"start":{"line":248,"column":0},"end":{"line":248,"column":15}},"248":{"start":{"line":249,"column":0},"end":{"line":249,"column":11}},"249":{"start":{"line":250,"column":0},"end":{"line":250,"column":5}},"250":{"start":{"line":251,"column":0},"end":{"line":251,"column":19}},"251":{"start":{"line":252,"column":0},"end":{"line":252,"column":16}},"252":{"start":{"line":253,"column":0},"end":{"line":253,"column":49}},"253":{"start":{"line":254,"column":0},"end":{"line":254,"column":64}},"254":{"start":{"line":255,"column":0},"end":{"line":255,"column":91}},"255":{"start":{"line":256,"column":0},"end":{"line":256,"column":28}},"256":{"start":{"line":257,"column":0},"end":{"line":257,"column":34}},"257":{"start":{"line":258,"column":0},"end":{"line":258,"column":30}},"258":{"start":{"line":259,"column":0},"end":{"line":259,"column":60}},"259":{"start":{"line":260,"column":0},"end":{"line":260,"column":84}},"260":{"start":{"line":261,"column":0},"end":{"line":261,"column":21}},"261":{"start":{"line":262,"column":0},"end":{"line":262,"column":40}},"262":{"start":{"line":263,"column":0},"end":{"line":263,"column":51}},"263":{"start":{"line":264,"column":0},"end":{"line":264,"column":42}},"264":{"start":{"line":265,"column":0},"end":{"line":265,"column":42}},"265":{"start":{"line":266,"column":0},"end":{"line":266,"column":25}},"266":{"start":{"line":267,"column":0},"end":{"line":267,"column":30}},"267":{"start":{"line":268,"column":0},"end":{"line":268,"column":74}},"268":{"start":{"line":269,"column":0},"end":{"line":269,"column":45}},"269":{"start":{"line":270,"column":0},"end":{"line":270,"column":25}},"270":{"start":{"line":271,"column":0},"end":{"line":271,"column":23}},"271":{"start":{"line":272,"column":0},"end":{"line":272,"column":36}},"272":{"start":{"line":273,"column":0},"end":{"line":273,"column":39}},"273":{"start":{"line":274,"column":0},"end":{"line":274,"column":19}},"274":{"start":{"line":275,"column":0},"end":{"line":275,"column":15}},"275":{"start":{"line":276,"column":0},"end":{"line":276,"column":11}},"276":{"start":{"line":277,"column":0},"end":{"line":277,"column":5}},"277":{"start":{"line":278,"column":0},"end":{"line":278,"column":46}},"278":{"start":{"line":279,"column":0},"end":{"line":279,"column":44}},"279":{"start":{"line":280,"column":0},"end":{"line":280,"column":111}},"280":{"start":{"line":281,"column":0},"end":{"line":281,"column":58}},"281":{"start":{"line":282,"column":0},"end":{"line":282,"column":9}},"282":{"start":{"line":283,"column":0},"end":{"line":283,"column":126}},"283":{"start":{"line":284,"column":0},"end":{"line":284,"column":34}},"284":{"start":{"line":285,"column":0},"end":{"line":285,"column":5}},"285":{"start":{"line":286,"column":0},"end":{"line":286,"column":22}},"286":{"start":{"line":287,"column":0},"end":{"line":287,"column":49}},"287":{"start":{"line":288,"column":0},"end":{"line":288,"column":17}},"288":{"start":{"line":289,"column":0},"end":{"line":289,"column":64}},"289":{"start":{"line":290,"column":0},"end":{"line":290,"column":66}},"290":{"start":{"line":291,"column":0},"end":{"line":291,"column":97}},"291":{"start":{"line":292,"column":0},"end":{"line":292,"column":45}},"292":{"start":{"line":293,"column":0},"end":{"line":293,"column":27}},"293":{"start":{"line":294,"column":0},"end":{"line":294,"column":23}},"294":{"start":{"line":295,"column":0},"end":{"line":295,"column":19}},"295":{"start":{"line":296,"column":0},"end":{"line":296,"column":13}},"296":{"start":{"line":297,"column":0},"end":{"line":297,"column":27}},"297":{"start":{"line":298,"column":0},"end":{"line":298,"column":88}},"298":{"start":{"line":299,"column":0},"end":{"line":299,"column":24}},"299":{"start":{"line":300,"column":0},"end":{"line":300,"column":57}},"300":{"start":{"line":301,"column":0},"end":{"line":301,"column":89}},"301":{"start":{"line":302,"column":0},"end":{"line":302,"column":19}},"302":{"start":{"line":303,"column":0},"end":{"line":303,"column":13}},"303":{"start":{"line":304,"column":0},"end":{"line":304,"column":11}},"304":{"start":{"line":305,"column":0},"end":{"line":305,"column":5}},"305":{"start":{"line":306,"column":0},"end":{"line":306,"column":62}},"306":{"start":{"line":307,"column":0},"end":{"line":307,"column":26}},"307":{"start":{"line":308,"column":0},"end":{"line":308,"column":31}},"308":{"start":{"line":309,"column":0},"end":{"line":309,"column":61}},"309":{"start":{"line":310,"column":0},"end":{"line":310,"column":10}},"310":{"start":{"line":311,"column":0},"end":{"line":311,"column":62}},"311":{"start":{"line":312,"column":0},"end":{"line":312,"column":20}},"312":{"start":{"line":313,"column":0},"end":{"line":313,"column":27}},"313":{"start":{"line":314,"column":0},"end":{"line":314,"column":43}},"314":{"start":{"line":315,"column":0},"end":{"line":315,"column":22}},"315":{"start":{"line":316,"column":0},"end":{"line":316,"column":51}},"316":{"start":{"line":317,"column":0},"end":{"line":317,"column":13}},"317":{"start":{"line":318,"column":0},"end":{"line":318,"column":36}},"318":{"start":{"line":319,"column":0},"end":{"line":319,"column":47}},"319":{"start":{"line":320,"column":0},"end":{"line":320,"column":34}},"320":{"start":{"line":321,"column":0},"end":{"line":321,"column":29}},"321":{"start":{"line":322,"column":0},"end":{"line":322,"column":51}},"322":{"start":{"line":323,"column":0},"end":{"line":323,"column":40}},"323":{"start":{"line":324,"column":0},"end":{"line":324,"column":23}},"324":{"start":{"line":325,"column":0},"end":{"line":325,"column":17}},"325":{"start":{"line":326,"column":0},"end":{"line":326,"column":22}},"326":{"start":{"line":327,"column":0},"end":{"line":327,"column":66}},"327":{"start":{"line":328,"column":0},"end":{"line":328,"column":37}},"328":{"start":{"line":329,"column":0},"end":{"line":329,"column":17}},"329":{"start":{"line":330,"column":0},"end":{"line":330,"column":15}},"330":{"start":{"line":331,"column":0},"end":{"line":331,"column":32}},"331":{"start":{"line":332,"column":0},"end":{"line":332,"column":35}},"332":{"start":{"line":333,"column":0},"end":{"line":333,"column":11}},"333":{"start":{"line":334,"column":0},"end":{"line":334,"column":5}},"334":{"start":{"line":335,"column":0},"end":{"line":335,"column":36}},"335":{"start":{"line":336,"column":0},"end":{"line":336,"column":49}},"336":{"start":{"line":337,"column":0},"end":{"line":337,"column":107}},"337":{"start":{"line":338,"column":0},"end":{"line":338,"column":35}},"338":{"start":{"line":339,"column":0},"end":{"line":339,"column":28}},"339":{"start":{"line":340,"column":0},"end":{"line":340,"column":51}},"340":{"start":{"line":341,"column":0},"end":{"line":341,"column":92}},"341":{"start":{"line":342,"column":0},"end":{"line":342,"column":23}},"342":{"start":{"line":343,"column":0},"end":{"line":343,"column":17}},"343":{"start":{"line":344,"column":0},"end":{"line":344,"column":50}},"344":{"start":{"line":345,"column":0},"end":{"line":345,"column":29}},"345":{"start":{"line":346,"column":0},"end":{"line":346,"column":51}},"346":{"start":{"line":347,"column":0},"end":{"line":347,"column":54}},"347":{"start":{"line":348,"column":0},"end":{"line":348,"column":34}},"348":{"start":{"line":349,"column":0},"end":{"line":349,"column":23}},"349":{"start":{"line":350,"column":0},"end":{"line":350,"column":17}},"350":{"start":{"line":351,"column":0},"end":{"line":351,"column":27}},"351":{"start":{"line":352,"column":0},"end":{"line":352,"column":95}},"352":{"start":{"line":353,"column":0},"end":{"line":353,"column":68}},"353":{"start":{"line":354,"column":0},"end":{"line":354,"column":28}},"354":{"start":{"line":355,"column":0},"end":{"line":355,"column":52}},"355":{"start":{"line":356,"column":0},"end":{"line":356,"column":54}},"356":{"start":{"line":357,"column":0},"end":{"line":357,"column":23}},"357":{"start":{"line":358,"column":0},"end":{"line":358,"column":17}},"358":{"start":{"line":359,"column":0},"end":{"line":359,"column":93}},"359":{"start":{"line":360,"column":0},"end":{"line":360,"column":28}},"360":{"start":{"line":361,"column":0},"end":{"line":361,"column":54}},"361":{"start":{"line":362,"column":0},"end":{"line":362,"column":64}},"362":{"start":{"line":363,"column":0},"end":{"line":363,"column":23}},"363":{"start":{"line":364,"column":0},"end":{"line":364,"column":17}},"364":{"start":{"line":365,"column":0},"end":{"line":365,"column":15}},"365":{"start":{"line":366,"column":0},"end":{"line":366,"column":11}},"366":{"start":{"line":367,"column":0},"end":{"line":367,"column":5}},"367":{"start":{"line":368,"column":0},"end":{"line":368,"column":48}},"368":{"start":{"line":369,"column":0},"end":{"line":369,"column":49}},"369":{"start":{"line":370,"column":0},"end":{"line":370,"column":37}},"370":{"start":{"line":371,"column":0},"end":{"line":371,"column":20}},"371":{"start":{"line":372,"column":0},"end":{"line":372,"column":27}},"372":{"start":{"line":373,"column":0},"end":{"line":373,"column":14}},"373":{"start":{"line":374,"column":0},"end":{"line":374,"column":68}},"374":{"start":{"line":375,"column":0},"end":{"line":375,"column":24}},"375":{"start":{"line":376,"column":0},"end":{"line":376,"column":31}},"376":{"start":{"line":377,"column":0},"end":{"line":377,"column":54}},"377":{"start":{"line":378,"column":0},"end":{"line":378,"column":26}},"378":{"start":{"line":379,"column":0},"end":{"line":379,"column":55}},"379":{"start":{"line":380,"column":0},"end":{"line":380,"column":17}},"380":{"start":{"line":381,"column":0},"end":{"line":381,"column":42}},"381":{"start":{"line":382,"column":0},"end":{"line":382,"column":53}},"382":{"start":{"line":383,"column":0},"end":{"line":383,"column":38}},"383":{"start":{"line":384,"column":0},"end":{"line":384,"column":70}},"384":{"start":{"line":385,"column":0},"end":{"line":385,"column":102}},"385":{"start":{"line":386,"column":0},"end":{"line":386,"column":41}},"386":{"start":{"line":387,"column":0},"end":{"line":387,"column":63}},"387":{"start":{"line":388,"column":0},"end":{"line":388,"column":66}},"388":{"start":{"line":389,"column":0},"end":{"line":389,"column":46}},"389":{"start":{"line":390,"column":0},"end":{"line":390,"column":35}},"390":{"start":{"line":391,"column":0},"end":{"line":391,"column":43}},"391":{"start":{"line":392,"column":0},"end":{"line":392,"column":46}},"392":{"start":{"line":393,"column":0},"end":{"line":393,"column":31}},"393":{"start":{"line":394,"column":0},"end":{"line":394,"column":39}},"394":{"start":{"line":395,"column":0},"end":{"line":395,"column":42}},"395":{"start":{"line":396,"column":0},"end":{"line":396,"column":27}},"396":{"start":{"line":397,"column":0},"end":{"line":397,"column":21}},"397":{"start":{"line":398,"column":0},"end":{"line":398,"column":26}},"398":{"start":{"line":399,"column":0},"end":{"line":399,"column":70}},"399":{"start":{"line":400,"column":0},"end":{"line":400,"column":41}},"400":{"start":{"line":401,"column":0},"end":{"line":401,"column":21}},"401":{"start":{"line":402,"column":0},"end":{"line":402,"column":19}},"402":{"start":{"line":403,"column":0},"end":{"line":403,"column":38}},"403":{"start":{"line":404,"column":0},"end":{"line":404,"column":41}},"404":{"start":{"line":405,"column":0},"end":{"line":405,"column":15}},"405":{"start":{"line":406,"column":0},"end":{"line":406,"column":11}},"406":{"start":{"line":407,"column":0},"end":{"line":407,"column":5}},"407":{"start":{"line":408,"column":0},"end":{"line":408,"column":33}},"408":{"start":{"line":409,"column":0},"end":{"line":409,"column":60}},"409":{"start":{"line":410,"column":0},"end":{"line":410,"column":20}},"410":{"start":{"line":411,"column":0},"end":{"line":411,"column":56}},"411":{"start":{"line":412,"column":0},"end":{"line":412,"column":61}},"412":{"start":{"line":413,"column":0},"end":{"line":413,"column":14}},"413":{"start":{"line":414,"column":0},"end":{"line":414,"column":9}},"414":{"start":{"line":415,"column":0},"end":{"line":415,"column":16}},"415":{"start":{"line":416,"column":0},"end":{"line":416,"column":54}},"416":{"start":{"line":417,"column":0},"end":{"line":417,"column":69}},"417":{"start":{"line":418,"column":0},"end":{"line":418,"column":10}},"418":{"start":{"line":419,"column":0},"end":{"line":419,"column":5}},"419":{"start":{"line":420,"column":0},"end":{"line":420,"column":37}},"420":{"start":{"line":421,"column":0},"end":{"line":421,"column":28}},"421":{"start":{"line":422,"column":0},"end":{"line":422,"column":32}},"422":{"start":{"line":423,"column":0},"end":{"line":423,"column":40}},"423":{"start":{"line":424,"column":0},"end":{"line":424,"column":58}},"424":{"start":{"line":425,"column":0},"end":{"line":425,"column":81}},"425":{"start":{"line":426,"column":0},"end":{"line":426,"column":42}},"426":{"start":{"line":427,"column":0},"end":{"line":427,"column":20}},"427":{"start":{"line":428,"column":0},"end":{"line":428,"column":40}},"428":{"start":{"line":429,"column":0},"end":{"line":429,"column":87}},"429":{"start":{"line":430,"column":0},"end":{"line":430,"column":36}},"430":{"start":{"line":431,"column":0},"end":{"line":431,"column":13}},"431":{"start":{"line":432,"column":0},"end":{"line":432,"column":10}},"432":{"start":{"line":433,"column":0},"end":{"line":433,"column":49}},"433":{"start":{"line":434,"column":0},"end":{"line":434,"column":89}},"434":{"start":{"line":435,"column":0},"end":{"line":435,"column":56}},"435":{"start":{"line":436,"column":0},"end":{"line":436,"column":82}},"436":{"start":{"line":437,"column":0},"end":{"line":437,"column":30}},"437":{"start":{"line":438,"column":0},"end":{"line":438,"column":68}},"438":{"start":{"line":439,"column":0},"end":{"line":439,"column":13}},"439":{"start":{"line":440,"column":0},"end":{"line":440,"column":18}},"440":{"start":{"line":441,"column":0},"end":{"line":441,"column":149}},"441":{"start":{"line":442,"column":0},"end":{"line":442,"column":13}},"442":{"start":{"line":443,"column":0},"end":{"line":443,"column":9}},"443":{"start":{"line":444,"column":0},"end":{"line":444,"column":5}},"444":{"start":{"line":445,"column":0},"end":{"line":445,"column":30}},"445":{"start":{"line":446,"column":0},"end":{"line":446,"column":23}},"446":{"start":{"line":447,"column":0},"end":{"line":447,"column":48}},"447":{"start":{"line":448,"column":0},"end":{"line":448,"column":44}},"448":{"start":{"line":449,"column":0},"end":{"line":449,"column":100}},"449":{"start":{"line":450,"column":0},"end":{"line":450,"column":76}},"450":{"start":{"line":451,"column":0},"end":{"line":451,"column":5}},"451":{"start":{"line":452,"column":0},"end":{"line":452,"column":1}},"452":{"start":{"line":453,"column":0},"end":{"line":453,"column":45}},"453":{"start":{"line":454,"column":0},"end":{"line":454,"column":20}}},"s":{"0":1,"1":1,"2":1,"3":1,"4":1,"5":1,"6":1,"7":1,"8":1,"9":1,"10":1,"11":1,"12":1,"13":1,"14":1,"15":1,"16":1,"17":1,"18":1,"19":1,"20":1,"21":1,"22":1,"23":1,"24":1,"25":1,"26":1,"27":1,"28":1,"29":1,"30":1,"31":1,"32":1,"33":1,"34":1,"35":1,"36":1,"37":1,"38":1,"39":1,"40":1,"41":1,"42":1,"43":1,"44":1,"45":1,"46":1,"47":1,"48":1,"49":1,"50":1,"51":1,"52":1,"53":1,"54":1,"55":1,"56":1,"57":1,"58":1,"59":1,"60":1,"61":1,"62":1,"63":1,"64":1,"65":1,"66":1,"67":1,"68":1,"69":1,"70":1,"71":1,"72":1,"73":1,"74":1,"75":1,"76":1,"77":1,"78":1,"79":1,"80":1,"81":1,"82":1,"83":1,"84":1,"85":1,"86":1,"87":1,"88":1,"89":1,"90":1,"91":1,"92":1,"93":1,"94":1,"95":1,"96":1,"97":1,"98":1,"99":1,"100":1,"101":1,"102":1,"103":1,"104":1,"105":1,"106":1,"107":1,"108":1,"109":1,"110":1,"111":1,"112":1,"113":1,"114":1,"115":1,"116":1,"117":1,"118":1,"119":1,"120":1,"121":1,"122":1,"123":1,"124":1,"125":1,"126":1,"127":1,"128":1,"129":1,"130":1,"131":1,"132":1,"133":1,"134":1,"135":1,"136":1,"137":1,"138":1,"139":1,"140":1,"141":1,"142":1,"143":1,"144":1,"145":1,"146":1,"147":1,"148":1,"149":1,"150":1,"151":1,"152":1,"153":1,"154":1,"155":1,"156":1,"157":1,"158":1,"159":1,"160":1,"161":1,"162":1,"163":1,"164":1,"165":1,"166":1,"167":1,"168":1,"169":1,"170":1,"171":1,"172":1,"173":1,"174":1,"175":1,"176":1,"177":1,"178":1,"179":1,"180":1,"181":1,"182":1,"183":1,"184":1,"185":1,"186":1,"187":1,"188":1,"189":1,"190":1,"191":1,"192":1,"193":1,"194":1,"195":1,"196":1,"197":1,"198":1,"199":1,"200":1,"201":1,"202":1,"203":1,"204":1,"205":1,"206":1,"207":1,"208":1,"209":1,"210":1,"211":1,"212":1,"213":1,"214":1,"215":1,"216":1,"217":1,"218":1,"219":1,"220":1,"221":1,"222":1,"223":1,"224":1,"225":1,"226":1,"227":1,"228":1,"229":1,"230":1,"231":1,"232":1,"233":1,"234":1,"235":1,"236":1,"237":1,"238":1,"239":1,"240":1,"241":1,"242":1,"243":1,"244":1,"245":1,"246":1,"247":1,"248":1,"249":1,"250":1,"251":1,"252":1,"253":1,"254":1,"255":1,"256":1,"257":1,"258":1,"259":1,"260":1,"261":1,"262":1,"263":1,"264":1,"265":1,"266":1,"267":1,"268":1,"269":1,"270":1,"271":1,"272":1,"273":1,"274":1,"275":1,"276":1,"277":1,"278":1,"279":1,"280":1,"281":1,"282":1,"283":1,"284":1,"285":1,"286":1,"287":1,"288":1,"289":1,"290":1,"291":1,"292":1,"293":1,"294":1,"295":1,"296":1,"297":1,"298":1,"299":1,"300":1,"301":1,"302":1,"303":1,"304":1,"305":1,"306":1,"307":1,"308":1,"309":1,"310":1,"311":1,"312":1,"313":1,"314":1,"315":1,"316":1,"317":1,"318":1,"319":1,"320":1,"321":1,"322":1,"323":1,"324":1,"325":1,"326":1,"327":1,"328":1,"329":1,"330":1,"331":1,"332":1,"333":1,"334":1,"335":1,"336":1,"337":1,"338":1,"339":1,"340":1,"341":1,"342":1,"343":1,"344":1,"345":1,"346":1,"347":1,"348":1,"349":1,"350":1,"351":1,"352":1,"353":1,"354":1,"355":1,"356":1,"357":1,"358":1,"359":1,"360":1,"361":1,"362":1,"363":1,"364":1,"365":1,"366":1,"367":1,"368":1,"369":1,"370":1,"371":1,"372":1,"373":1,"374":1,"375":1,"376":1,"377":1,"378":1,"379":1,"380":1,"381":1,"382":1,"383":1,"384":1,"385":1,"386":1,"387":1,"388":1,"389":1,"390":1,"391":1,"392":1,"393":1,"394":1,"395":1,"396":1,"397":1,"398":1,"399":1,"400":1,"401":1,"402":1,"403":1,"404":1,"405":1,"406":1,"407":1,"408":1,"409":1,"410":1,"411":1,"412":1,"413":1,"414":1,"415":1,"416":1,"417":1,"418":1,"419":1,"420":1,"421":1,"422":1,"423":1,"424":1,"425":1,"426":1,"427":1,"428":1,"429":1,"430":1,"431":1,"432":1,"433":1,"434":1,"435":1,"436":1,"437":1,"438":1,"439":1,"440":1,"441":1,"442":1,"443":1,"444":1,"445":1,"446":1,"447":1,"448":1,"449":1,"450":1,"451":1,"452":1,"453":1},"branchMap":{"0":{"type":"branch","line":5,"loc":{"start":{"line":5,"column":4},"end":{"line":25,"column":5}},"locations":[{"start":{"line":5,"column":4},"end":{"line":25,"column":5}}]},"1":{"type":"branch","line":22,"loc":{"start":{"line":22,"column":17},"end":{"line":24,"column":9}},"locations":[{"start":{"line":22,"column":17},"end":{"line":24,"column":9}}]}},"b":{"0":[1],"1":[1]},"fnMap":{"0":{"name":"LoginClient","decl":{"start":{"line":5,"column":4},"end":{"line":25,"column":5}},"loc":{"start":{"line":5,"column":4},"end":{"line":25,"column":5}},"line":5},"1":{"name":"init","decl":{"start":{"line":26,"column":4},"end":{"line":43,"column":5}},"loc":{"start":{"line":26,"column":4},"end":{"line":43,"column":5}},"line":26},"2":{"name":"sendOtp","decl":{"start":{"line":44,"column":4},"end":{"line":70,"column":5}},"loc":{"start":{"line":44,"column":4},"end":{"line":70,"column":5}},"line":44},"3":{"name":"verifyOtp","decl":{"start":{"line":71,"column":4},"end":{"line":79,"column":5}},"loc":{"start":{"line":71,"column":4},"end":{"line":79,"column":5}},"line":71},"4":{"name":"signIn","decl":{"start":{"line":80,"column":4},"end":{"line":100,"column":5}},"loc":{"start":{"line":80,"column":4},"end":{"line":100,"column":5}},"line":80},"5":{"name":"createNewPassword","decl":{"start":{"line":101,"column":4},"end":{"line":112,"column":5}},"loc":{"start":{"line":101,"column":4},"end":{"line":112,"column":5}},"line":101},"6":{"name":"changePassword","decl":{"start":{"line":113,"column":4},"end":{"line":129,"column":5}},"loc":{"start":{"line":113,"column":4},"end":{"line":129,"column":5}},"line":113},"7":{"name":"forgotPassword","decl":{"start":{"line":130,"column":4},"end":{"line":142,"column":5}},"loc":{"start":{"line":130,"column":4},"end":{"line":142,"column":5}},"line":130},"8":{"name":"submitforgotPasswordOtp","decl":{"start":{"line":143,"column":4},"end":{"line":155,"column":5}},"loc":{"start":{"line":143,"column":4},"end":{"line":155,"column":5}},"line":143},"9":{"name":"signInWithFederation","decl":{"start":{"line":156,"column":4},"end":{"line":169,"column":5}},"loc":{"start":{"line":156,"column":4},"end":{"line":169,"column":5}},"line":156},"10":{"name":"getToken","decl":{"start":{"line":170,"column":4},"end":{"line":193,"column":5}},"loc":{"start":{"line":170,"column":4},"end":{"line":193,"column":5}},"line":170},"11":{"name":"getUserAttributes","decl":{"start":{"line":194,"column":4},"end":{"line":222,"column":5}},"loc":{"start":{"line":194,"column":4},"end":{"line":222,"column":5}},"line":194},"12":{"name":"getUserPermissions","decl":{"start":{"line":223,"column":4},"end":{"line":250,"column":5}},"loc":{"start":{"line":223,"column":4},"end":{"line":250,"column":5}},"line":223},"13":{"name":"getUserInfo","decl":{"start":{"line":251,"column":4},"end":{"line":277,"column":5}},"loc":{"start":{"line":251,"column":4},"end":{"line":277,"column":5}},"line":251},"14":{"name":"federatedLogout","decl":{"start":{"line":278,"column":4},"end":{"line":285,"column":5}},"loc":{"start":{"line":278,"column":4},"end":{"line":285,"column":5}},"line":278},"15":{"name":"refreshSession","decl":{"start":{"line":286,"column":4},"end":{"line":305,"column":5}},"loc":{"start":{"line":286,"column":4},"end":{"line":305,"column":5}},"line":286},"16":{"name":"sendOtpForUnregisteredUser","decl":{"start":{"line":306,"column":4},"end":{"line":334,"column":5}},"loc":{"start":{"line":306,"column":4},"end":{"line":334,"column":5}},"line":306},"17":{"name":"verifyCognitoOtpChallenge","decl":{"start":{"line":335,"column":4},"end":{"line":367,"column":5}},"loc":{"start":{"line":335,"column":4},"end":{"line":367,"column":5}},"line":335},"18":{"name":"verifyCustomOtpChallenge","decl":{"start":{"line":368,"column":4},"end":{"line":407,"column":5}},"loc":{"start":{"line":368,"column":4},"end":{"line":407,"column":5}},"line":368},"19":{"name":"createErrorObject","decl":{"start":{"line":408,"column":4},"end":{"line":419,"column":5}},"loc":{"start":{"line":408,"column":4},"end":{"line":419,"column":5}},"line":408},"20":{"name":"initPoolDetails","decl":{"start":{"line":420,"column":4},"end":{"line":444,"column":5}},"loc":{"start":{"line":420,"column":4},"end":{"line":444,"column":5}},"line":420},"21":{"name":"getRandomString","decl":{"start":{"line":446,"column":4},"end":{"line":451,"column":5}},"loc":{"start":{"line":446,"column":4},"end":{"line":451,"column":5}},"line":446}},"f":{"0":1,"1":1,"2":1,"3":1,"4":1,"5":1,"6":1,"7":1,"8":1,"9":1,"10":1,"11":1,"12":1,"13":1,"14":1,"15":1,"16":1,"17":1,"18":1,"19":1,"20":1,"21":1}}
,"C:\\Users\\Acer\\OneDrive - Shiv Nadar University\\Desktop\\final_testing\\final_test\\src\\components\\Header\\Header.jsx": {"path":"C:\\Users\\Acer\\OneDrive - Shiv Nadar University\\Desktop\\final_testing\\final_test\\src\\components\\Header\\Header.jsx","all":false,"statementMap":{"0":{"start":{"line":1,"column":0},"end":{"line":1,"column":49}},"1":{"start":{"line":2,"column":0},"end":{"line":2,"column":35}},"2":{"start":{"line":3,"column":0},"end":{"line":3,"column":22}},"3":{"start":{"line":4,"column":0},"end":{"line":4,"column":38}},"4":{"start":{"line":5,"column":0},"end":{"line":5,"column":36}},"5":{"start":{"line":6,"column":0},"end":{"line":6,"column":59}},"6":{"start":{"line":7,"column":0},"end":{"line":7,"column":44}},"7":{"start":{"line":8,"column":0},"end":{"line":8,"column":65}},"8":{"start":{"line":9,"column":0},"end":{"line":9,"column":81}},"9":{"start":{"line":10,"column":0},"end":{"line":10,"column":61}},"10":{"start":{"line":11,"column":0},"end":{"line":11,"column":61}},"11":{"start":{"line":12,"column":0},"end":{"line":12,"column":61}},"12":{"start":{"line":13,"column":0},"end":{"line":13,"column":61}},"13":{"start":{"line":14,"column":0},"end":{"line":14,"column":0}},"14":{"start":{"line":15,"column":0},"end":{"line":15,"column":32}},"15":{"start":{"line":16,"column":0},"end":{"line":16,"column":60}},"16":{"start":{"line":17,"column":0},"end":{"line":17,"column":69}},"17":{"start":{"line":18,"column":0},"end":{"line":18,"column":0}},"18":{"start":{"line":19,"column":0},"end":{"line":19,"column":0}},"19":{"start":{"line":20,"column":0},"end":{"line":20,"column":0}},"20":{"start":{"line":21,"column":0},"end":{"line":21,"column":40}},"21":{"start":{"line":22,"column":0},"end":{"line":22,"column":58}},"22":{"start":{"line":23,"column":0},"end":{"line":23,"column":20}},"23":{"start":{"line":24,"column":0},"end":{"line":24,"column":40}},"24":{"start":{"line":25,"column":0},"end":{"line":25,"column":49}},"25":{"start":{"line":26,"column":0},"end":{"line":26,"column":33}},"26":{"start":{"line":27,"column":0},"end":{"line":27,"column":33}},"27":{"start":{"line":28,"column":0},"end":{"line":28,"column":33}},"28":{"start":{"line":29,"column":0},"end":{"line":29,"column":34}},"29":{"start":{"line":30,"column":0},"end":{"line":30,"column":37}},"30":{"start":{"line":31,"column":0},"end":{"line":31,"column":4}},"31":{"start":{"line":32,"column":0},"end":{"line":32,"column":0}},"32":{"start":{"line":33,"column":0},"end":{"line":33,"column":29}},"33":{"start":{"line":34,"column":0},"end":{"line":34,"column":31}},"34":{"start":{"line":35,"column":0},"end":{"line":35,"column":28}},"35":{"start":{"line":36,"column":0},"end":{"line":36,"column":0}},"36":{"start":{"line":37,"column":0},"end":{"line":37,"column":145}},"37":{"start":{"line":38,"column":0},"end":{"line":38,"column":22}},"38":{"start":{"line":39,"column":0},"end":{"line":39,"column":4}},"39":{"start":{"line":40,"column":0},"end":{"line":40,"column":0}},"40":{"start":{"line":41,"column":0},"end":{"line":41,"column":0}},"41":{"start":{"line":42,"column":0},"end":{"line":42,"column":0}},"42":{"start":{"line":43,"column":0},"end":{"line":43,"column":19}},"43":{"start":{"line":44,"column":0},"end":{"line":44,"column":45}},"44":{"start":{"line":45,"column":0},"end":{"line":45,"column":18}},"45":{"start":{"line":46,"column":0},"end":{"line":46,"column":12}},"46":{"start":{"line":47,"column":0},"end":{"line":47,"column":18}},"47":{"start":{"line":48,"column":0},"end":{"line":48,"column":5}},"48":{"start":{"line":49,"column":0},"end":{"line":49,"column":26}},"49":{"start":{"line":50,"column":0},"end":{"line":50,"column":45}},"50":{"start":{"line":51,"column":0},"end":{"line":51,"column":0}},"51":{"start":{"line":52,"column":0},"end":{"line":52,"column":23}},"52":{"start":{"line":53,"column":0},"end":{"line":53,"column":49}},"53":{"start":{"line":54,"column":0},"end":{"line":54,"column":25}},"54":{"start":{"line":55,"column":0},"end":{"line":55,"column":29}},"55":{"start":{"line":56,"column":0},"end":{"line":56,"column":32}},"56":{"start":{"line":57,"column":0},"end":{"line":57,"column":36}},"57":{"start":{"line":58,"column":0},"end":{"line":58,"column":5}},"58":{"start":{"line":59,"column":0},"end":{"line":59,"column":4}},"59":{"start":{"line":60,"column":0},"end":{"line":60,"column":0}},"60":{"start":{"line":61,"column":0},"end":{"line":61,"column":10}},"61":{"start":{"line":62,"column":0},"end":{"line":62,"column":81}},"62":{"start":{"line":63,"column":0},"end":{"line":63,"column":39}},"63":{"start":{"line":64,"column":0},"end":{"line":64,"column":55}},"64":{"start":{"line":65,"column":0},"end":{"line":65,"column":12}},"65":{"start":{"line":66,"column":0},"end":{"line":66,"column":45}},"66":{"start":{"line":67,"column":0},"end":{"line":67,"column":13}},"67":{"start":{"line":68,"column":0},"end":{"line":68,"column":23}},"68":{"start":{"line":69,"column":0},"end":{"line":69,"column":33}},"69":{"start":{"line":70,"column":0},"end":{"line":70,"column":41}},"70":{"start":{"line":71,"column":0},"end":{"line":71,"column":47}},"71":{"start":{"line":72,"column":0},"end":{"line":72,"column":15}},"72":{"start":{"line":73,"column":0},"end":{"line":73,"column":35}},"73":{"start":{"line":74,"column":0},"end":{"line":74,"column":78}},"74":{"start":{"line":75,"column":0},"end":{"line":75,"column":14}},"75":{"start":{"line":76,"column":0},"end":{"line":76,"column":12}},"76":{"start":{"line":77,"column":0},"end":{"line":77,"column":9}},"77":{"start":{"line":78,"column":0},"end":{"line":78,"column":14}},"78":{"start":{"line":79,"column":0},"end":{"line":79,"column":29}},"79":{"start":{"line":80,"column":0},"end":{"line":80,"column":68}},"80":{"start":{"line":81,"column":0},"end":{"line":81,"column":49}},"81":{"start":{"line":82,"column":0},"end":{"line":82,"column":12}},"82":{"start":{"line":83,"column":0},"end":{"line":83,"column":14}},"83":{"start":{"line":84,"column":0},"end":{"line":84,"column":26}},"84":{"start":{"line":85,"column":0},"end":{"line":85,"column":68}},"85":{"start":{"line":86,"column":0},"end":{"line":86,"column":49}},"86":{"start":{"line":87,"column":0},"end":{"line":87,"column":12}},"87":{"start":{"line":88,"column":0},"end":{"line":88,"column":0}},"88":{"start":{"line":89,"column":0},"end":{"line":89,"column":15}},"89":{"start":{"line":90,"column":0},"end":{"line":90,"column":12}},"90":{"start":{"line":91,"column":0},"end":{"line":91,"column":43}},"91":{"start":{"line":92,"column":0},"end":{"line":92,"column":40}},"92":{"start":{"line":93,"column":0},"end":{"line":93,"column":57}},"93":{"start":{"line":94,"column":0},"end":{"line":94,"column":55}},"94":{"start":{"line":95,"column":0},"end":{"line":95,"column":13}},"95":{"start":{"line":96,"column":0},"end":{"line":96,"column":42}},"96":{"start":{"line":97,"column":0},"end":{"line":97,"column":115}},"97":{"start":{"line":98,"column":0},"end":{"line":98,"column":14}},"98":{"start":{"line":99,"column":0},"end":{"line":99,"column":47}},"99":{"start":{"line":100,"column":0},"end":{"line":100,"column":0}},"100":{"start":{"line":101,"column":0},"end":{"line":101,"column":23}},"101":{"start":{"line":102,"column":0},"end":{"line":102,"column":19}},"102":{"start":{"line":103,"column":0},"end":{"line":103,"column":40}},"103":{"start":{"line":104,"column":0},"end":{"line":104,"column":31}},"104":{"start":{"line":105,"column":0},"end":{"line":105,"column":61}},"105":{"start":{"line":106,"column":0},"end":{"line":106,"column":34}},"106":{"start":{"line":107,"column":0},"end":{"line":107,"column":55}},"107":{"start":{"line":108,"column":0},"end":{"line":108,"column":35}},"108":{"start":{"line":109,"column":0},"end":{"line":109,"column":19}},"109":{"start":{"line":110,"column":0},"end":{"line":110,"column":29}},"110":{"start":{"line":111,"column":0},"end":{"line":111,"column":16}},"111":{"start":{"line":112,"column":0},"end":{"line":112,"column":13}},"112":{"start":{"line":113,"column":0},"end":{"line":113,"column":268}},"113":{"start":{"line":114,"column":0},"end":{"line":114,"column":25}},"114":{"start":{"line":115,"column":0},"end":{"line":115,"column":14}},"115":{"start":{"line":116,"column":0},"end":{"line":116,"column":142}},"116":{"start":{"line":117,"column":0},"end":{"line":117,"column":12}},"117":{"start":{"line":118,"column":0},"end":{"line":118,"column":0}},"118":{"start":{"line":119,"column":0},"end":{"line":119,"column":11}},"119":{"start":{"line":120,"column":0},"end":{"line":120,"column":23}},"120":{"start":{"line":121,"column":0},"end":{"line":121,"column":27}},"121":{"start":{"line":122,"column":0},"end":{"line":122,"column":19}},"122":{"start":{"line":123,"column":0},"end":{"line":123,"column":29}},"123":{"start":{"line":124,"column":0},"end":{"line":124,"column":24}},"124":{"start":{"line":125,"column":0},"end":{"line":125,"column":44}},"125":{"start":{"line":126,"column":0},"end":{"line":126,"column":10}},"126":{"start":{"line":127,"column":0},"end":{"line":127,"column":7}},"127":{"start":{"line":128,"column":0},"end":{"line":128,"column":57}},"128":{"start":{"line":129,"column":0},"end":{"line":129,"column":13}},"129":{"start":{"line":130,"column":0},"end":{"line":130,"column":10}},"130":{"start":{"line":131,"column":0},"end":{"line":131,"column":4}},"131":{"start":{"line":132,"column":0},"end":{"line":132,"column":2}},"132":{"start":{"line":133,"column":0},"end":{"line":133,"column":0}},"133":{"start":{"line":134,"column":0},"end":{"line":134,"column":0}},"134":{"start":{"line":135,"column":0},"end":{"line":135,"column":0}},"135":{"start":{"line":136,"column":0},"end":{"line":136,"column":20}},"136":{"start":{"line":137,"column":0},"end":{"line":137,"column":24}},"137":{"start":{"line":138,"column":0},"end":{"line":138,"column":1}},"138":{"start":{"line":139,"column":0},"end":{"line":139,"column":0}},"139":{"start":{"line":140,"column":0},"end":{"line":140,"column":22}}},"s":{"0":1,"1":1,"2":1,"3":1,"4":1,"5":1,"6":1,"7":1,"8":1,"9":1,"10":1,"11":1,"12":1,"13":1,"14":1,"15":1,"16":1,"17":1,"18":1,"19":1,"20":1,"21":6,"22":6,"23":6,"24":6,"25":6,"26":6,"27":6,"28":6,"29":0,"30":0,"31":6,"32":6,"33":0,"34":0,"35":0,"36":0,"37":0,"38":0,"39":6,"40":6,"41":6,"42":6,"43":2,"44":0,"45":2,"46":2,"47":2,"48":6,"49":6,"50":0,"51":0,"52":0,"53":0,"54":0,"55":0,"56":0,"57":0,"58":0,"59":6,"60":6,"61":6,"62":6,"63":6,"64":6,"65":6,"66":6,"67":6,"68":6,"69":6,"70":6,"71":6,"72":6,"73":6,"74":6,"75":6,"76":6,"77":6,"78":6,"79":6,"80":6,"81":6,"82":6,"83":6,"84":6,"85":6,"86":6,"87":6,"88":6,"89":6,"90":6,"91":6,"92":6,"93":0,"94":0,"95":6,"96":6,"97":6,"98":6,"99":6,"100":6,"101":6,"102":6,"103":6,"104":6,"105":6,"106":6,"107":6,"108":6,"109":6,"110":6,"111":6,"112":6,"113":6,"114":6,"115":6,"116":6,"117":6,"118":6,"119":6,"120":6,"121":6,"122":6,"123":6,"124":6,"125":6,"126":6,"127":6,"128":6,"129":6,"130":6,"131":6,"132":1,"133":1,"134":1,"135":1,"136":1,"137":1,"138":1,"139":1},"branchMap":{"0":{"type":"branch","line":21,"loc":{"start":{"line":21,"column":15},"end":{"line":132,"column":2}},"locations":[{"start":{"line":21,"column":15},"end":{"line":132,"column":2}}]},"1":{"type":"branch","line":80,"loc":{"start":{"line":80,"column":33},"end":{"line":80,"column":57}},"locations":[{"start":{"line":80,"column":33},"end":{"line":80,"column":57}}]},"2":{"type":"branch","line":80,"loc":{"start":{"line":80,"column":37},"end":{"line":80,"column":68}},"locations":[{"start":{"line":80,"column":37},"end":{"line":80,"column":68}}]},"3":{"type":"branch","line":85,"loc":{"start":{"line":85,"column":33},"end":{"line":85,"column":57}},"locations":[{"start":{"line":85,"column":33},"end":{"line":85,"column":57}}]},"4":{"type":"branch","line":85,"loc":{"start":{"line":85,"column":37},"end":{"line":85,"column":68}},"locations":[{"start":{"line":85,"column":37},"end":{"line":85,"column":68}}]},"5":{"type":"branch","line":97,"loc":{"start":{"line":97,"column":65},"end":{"line":97,"column":115}},"locations":[{"start":{"line":97,"column":65},"end":{"line":97,"column":115}}]},"6":{"type":"branch","line":105,"loc":{"start":{"line":105,"column":29},"end":{"line":105,"column":51}},"locations":[{"start":{"line":105,"column":29},"end":{"line":105,"column":51}}]},"7":{"type":"branch","line":107,"loc":{"start":{"line":107,"column":29},"end":{"line":107,"column":45}},"locations":[{"start":{"line":107,"column":29},"end":{"line":107,"column":45}}]},"8":{"type":"branch","line":116,"loc":{"start":{"line":116,"column":53},"end":{"line":116,"column":77}},"locations":[{"start":{"line":116,"column":53},"end":{"line":116,"column":77}}]},"9":{"type":"branch","line":116,"loc":{"start":{"line":116,"column":79},"end":{"line":116,"column":105}},"locations":[{"start":{"line":116,"column":79},"end":{"line":116,"column":105}}]},"10":{"type":"branch","line":116,"loc":{"start":{"line":116,"column":107},"end":{"line":116,"column":142}},"locations":[{"start":{"line":116,"column":107},"end":{"line":116,"column":142}}]},"11":{"type":"branch","line":43,"loc":{"start":{"line":43,"column":12},"end":{"line":49,"column":5}},"locations":[{"start":{"line":43,"column":12},"end":{"line":49,"column":5}}]},"12":{"type":"branch","line":44,"loc":{"start":{"line":44,"column":44},"end":{"line":46,"column":11}},"locations":[{"start":{"line":44,"column":44},"end":{"line":46,"column":11}}]}},"b":{"0":[6],"1":[3],"2":[3],"3":[3],"4":[3],"5":[0],"6":[0],"7":[0],"8":[0],"9":[0],"10":[0],"11":[2],"12":[0]},"fnMap":{"0":{"name":"Header","decl":{"start":{"line":21,"column":15},"end":{"line":132,"column":2}},"loc":{"start":{"line":21,"column":15},"end":{"line":132,"column":2}},"line":21},"1":{"name":"handleClick","decl":{"start":{"line":29,"column":22},"end":{"line":31,"column":4}},"loc":{"start":{"line":29,"column":22},"end":{"line":31,"column":4}},"line":29},"2":{"name":"handleClose","decl":{"start":{"line":33,"column":22},"end":{"line":39,"column":4}},"loc":{"start":{"line":33,"column":22},"end":{"line":39,"column":4}},"line":33},"3":{"name":"handleChange","decl":{"start":{"line":50,"column":23},"end":{"line":59,"column":4}},"loc":{"start":{"line":50,"column":23},"end":{"line":59,"column":4}},"line":50},"4":{"name":"onClick","decl":{"start":{"line":93,"column":50},"end":{"line":95,"column":13}},"loc":{"start":{"line":93,"column":50},"end":{"line":95,"column":13}},"line":93}},"f":{"0":6,"1":0,"2":0,"3":0,"4":0}}
,"C:\\Users\\Acer\\OneDrive - Shiv Nadar University\\Desktop\\final_testing\\final_test\\src\\components\\LegendComponent\\LegendComponent.jsx": {"path":"C:\\Users\\Acer\\OneDrive - Shiv Nadar University\\Desktop\\final_testing\\final_test\\src\\components\\LegendComponent\\LegendComponent.jsx","all":false,"statementMap":{"0":{"start":{"line":1,"column":0},"end":{"line":1,"column":35}},"1":{"start":{"line":2,"column":0},"end":{"line":2,"column":0}},"2":{"start":{"line":3,"column":0},"end":{"line":3,"column":56}},"3":{"start":{"line":4,"column":0},"end":{"line":4,"column":0}},"4":{"start":{"line":5,"column":0},"end":{"line":5,"column":42}},"5":{"start":{"line":6,"column":0},"end":{"line":6,"column":10}},"6":{"start":{"line":7,"column":0},"end":{"line":7,"column":136}},"7":{"start":{"line":8,"column":0},"end":{"line":8,"column":40}},"8":{"start":{"line":9,"column":0},"end":{"line":9,"column":34}},"9":{"start":{"line":10,"column":0},"end":{"line":10,"column":49}},"10":{"start":{"line":11,"column":0},"end":{"line":11,"column":70}},"11":{"start":{"line":12,"column":0},"end":{"line":12,"column":185}},"12":{"start":{"line":13,"column":0},"end":{"line":13,"column":53}},"13":{"start":{"line":14,"column":0},"end":{"line":14,"column":11}},"14":{"start":{"line":15,"column":0},"end":{"line":15,"column":12}},"15":{"start":{"line":16,"column":0},"end":{"line":16,"column":10}},"16":{"start":{"line":17,"column":0},"end":{"line":17,"column":3}},"17":{"start":{"line":18,"column":0},"end":{"line":18,"column":1}},"18":{"start":{"line":19,"column":0},"end":{"line":19,"column":0}},"19":{"start":{"line":20,"column":0},"end":{"line":20,"column":0}},"20":{"start":{"line":21,"column":0},"end":{"line":21,"column":29}},"21":{"start":{"line":22,"column":0},"end":{"line":22,"column":29}},"22":{"start":{"line":23,"column":0},"end":{"line":23,"column":30}},"23":{"start":{"line":24,"column":0},"end":{"line":24,"column":1}},"24":{"start":{"line":25,"column":0},"end":{"line":25,"column":0}},"25":{"start":{"line":26,"column":0},"end":{"line":26,"column":30}}},"s":{"0":1,"1":1,"2":1,"3":4,"4":4,"5":4,"6":4,"7":4,"8":4,"9":4,"10":9,"11":9,"12":9,"13":9,"14":4,"15":4,"16":4,"17":4,"18":1,"19":1,"20":1,"21":1,"22":1,"23":1,"24":1,"25":1},"branchMap":{"0":{"type":"branch","line":3,"loc":{"start":{"line":3,"column":24},"end":{"line":18,"column":1}},"locations":[{"start":{"line":3,"column":24},"end":{"line":18,"column":1}}]},"1":{"type":"branch","line":10,"loc":{"start":{"line":10,"column":25},"end":{"line":14,"column":11}},"locations":[{"start":{"line":10,"column":25},"end":{"line":14,"column":11}}]},"2":{"type":"branch","line":12,"loc":{"start":{"line":12,"column":146},"end":{"line":12,"column":166}},"locations":[{"start":{"line":12,"column":146},"end":{"line":12,"column":166}}]}},"b":{"0":[4],"1":[9],"2":[0]},"fnMap":{"0":{"name":"LegendComponent","decl":{"start":{"line":3,"column":24},"end":{"line":18,"column":1}},"loc":{"start":{"line":3,"column":24},"end":{"line":18,"column":1}},"line":3}},"f":{"0":4}}
,"C:\\Users\\Acer\\OneDrive - Shiv Nadar University\\Desktop\\final_testing\\final_test\\src\\components\\NavigationPathComponent\\NavigationPathComponent.jsx": {"path":"C:\\Users\\Acer\\OneDrive - Shiv Nadar University\\Desktop\\final_testing\\final_test\\src\\components\\NavigationPathComponent\\NavigationPathComponent.jsx","all":false,"statementMap":{"0":{"start":{"line":1,"column":0},"end":{"line":1,"column":61}},"1":{"start":{"line":2,"column":0},"end":{"line":2,"column":47}},"2":{"start":{"line":3,"column":0},"end":{"line":3,"column":62}},"3":{"start":{"line":4,"column":0},"end":{"line":4,"column":33}},"4":{"start":{"line":5,"column":0},"end":{"line":5,"column":39}},"5":{"start":{"line":6,"column":0},"end":{"line":6,"column":0}},"6":{"start":{"line":7,"column":0},"end":{"line":7,"column":19}},"7":{"start":{"line":8,"column":0},"end":{"line":8,"column":4}},"8":{"start":{"line":9,"column":0},"end":{"line":9,"column":0}},"9":{"start":{"line":10,"column":0},"end":{"line":10,"column":47}},"10":{"start":{"line":11,"column":0},"end":{"line":11,"column":12}},"11":{"start":{"line":12,"column":0},"end":{"line":12,"column":11}},"12":{"start":{"line":13,"column":0},"end":{"line":13,"column":25}},"13":{"start":{"line":14,"column":0},"end":{"line":14,"column":19}},"14":{"start":{"line":15,"column":0},"end":{"line":15,"column":23}},"15":{"start":{"line":16,"column":0},"end":{"line":16,"column":16}},"16":{"start":{"line":17,"column":0},"end":{"line":17,"column":51}},"17":{"start":{"line":18,"column":0},"end":{"line":18,"column":48}},"18":{"start":{"line":19,"column":0},"end":{"line":19,"column":7}},"19":{"start":{"line":20,"column":0},"end":{"line":20,"column":20}},"20":{"start":{"line":21,"column":0},"end":{"line":21,"column":13}},"21":{"start":{"line":22,"column":0},"end":{"line":22,"column":5}},"22":{"start":{"line":23,"column":0},"end":{"line":23,"column":4}},"23":{"start":{"line":24,"column":0},"end":{"line":24,"column":23}},"24":{"start":{"line":25,"column":0},"end":{"line":25,"column":0}},"25":{"start":{"line":26,"column":0},"end":{"line":26,"column":12}},"26":{"start":{"line":27,"column":0},"end":{"line":27,"column":26}},"27":{"start":{"line":28,"column":0},"end":{"line":28,"column":16}},"28":{"start":{"line":29,"column":0},"end":{"line":29,"column":24}},"29":{"start":{"line":30,"column":0},"end":{"line":30,"column":17}},"30":{"start":{"line":31,"column":0},"end":{"line":31,"column":36}},"31":{"start":{"line":32,"column":0},"end":{"line":32,"column":0}},"32":{"start":{"line":33,"column":0},"end":{"line":33,"column":8}},"33":{"start":{"line":34,"column":0},"end":{"line":34,"column":25}},"34":{"start":{"line":35,"column":0},"end":{"line":35,"column":15}},"35":{"start":{"line":36,"column":0},"end":{"line":36,"column":12}},"36":{"start":{"line":37,"column":0},"end":{"line":37,"column":26}},"37":{"start":{"line":38,"column":0},"end":{"line":38,"column":16}},"38":{"start":{"line":39,"column":0},"end":{"line":39,"column":24}},"39":{"start":{"line":40,"column":0},"end":{"line":40,"column":17}},"40":{"start":{"line":41,"column":0},"end":{"line":41,"column":36}},"41":{"start":{"line":42,"column":0},"end":{"line":42,"column":0}},"42":{"start":{"line":43,"column":0},"end":{"line":43,"column":8}},"43":{"start":{"line":44,"column":0},"end":{"line":44,"column":25}},"44":{"start":{"line":45,"column":0},"end":{"line":45,"column":15}},"45":{"start":{"line":46,"column":0},"end":{"line":46,"column":15}},"46":{"start":{"line":47,"column":0},"end":{"line":47,"column":74}},"47":{"start":{"line":48,"column":0},"end":{"line":48,"column":15}},"48":{"start":{"line":49,"column":0},"end":{"line":49,"column":18}},"49":{"start":{"line":50,"column":0},"end":{"line":50,"column":4}},"50":{"start":{"line":51,"column":0},"end":{"line":51,"column":10}},"51":{"start":{"line":52,"column":0},"end":{"line":52,"column":10}},"52":{"start":{"line":53,"column":0},"end":{"line":53,"column":86}},"53":{"start":{"line":54,"column":0},"end":{"line":54,"column":21}},"54":{"start":{"line":55,"column":0},"end":{"line":55,"column":20}},"55":{"start":{"line":56,"column":0},"end":{"line":56,"column":10}},"56":{"start":{"line":57,"column":0},"end":{"line":57,"column":3}},"57":{"start":{"line":58,"column":0},"end":{"line":58,"column":1}},"58":{"start":{"line":59,"column":0},"end":{"line":59,"column":0}},"59":{"start":{"line":60,"column":0},"end":{"line":60,"column":38}}},"s":{"0":1,"1":1,"2":1,"3":3,"4":3,"5":0,"6":0,"7":0,"8":3,"9":3,"10":0,"11":0,"12":0,"13":0,"14":0,"15":0,"16":0,"17":0,"18":0,"19":0,"20":0,"21":0,"22":0,"23":3,"24":3,"25":3,"26":3,"27":3,"28":3,"29":3,"30":3,"31":3,"32":3,"33":3,"34":3,"35":3,"36":3,"37":3,"38":3,"39":3,"40":3,"41":3,"42":3,"43":3,"44":3,"45":3,"46":3,"47":3,"48":3,"49":3,"50":3,"51":3,"52":3,"53":3,"54":3,"55":3,"56":3,"57":3,"58":1,"59":1},"branchMap":{"0":{"type":"branch","line":3,"loc":{"start":{"line":3,"column":32},"end":{"line":58,"column":1}},"locations":[{"start":{"line":3,"column":32},"end":{"line":58,"column":1}}]}},"b":{"0":[3]},"fnMap":{"0":{"name":"NavigationPathComponent","decl":{"start":{"line":3,"column":32},"end":{"line":58,"column":1}},"loc":{"start":{"line":3,"column":32},"end":{"line":58,"column":1}},"line":3},"1":{"name":"handleMsilRDClick","decl":{"start":{"line":5,"column":28},"end":{"line":8,"column":4}},"loc":{"start":{"line":5,"column":28},"end":{"line":8,"column":4}},"line":5}},"f":{"0":3,"1":0}}
,"C:\\Users\\Acer\\OneDrive - Shiv Nadar University\\Desktop\\final_testing\\final_test\\src\\components\\SingleRowTable\\SingleRowTable.jsx": {"path":"C:\\Users\\Acer\\OneDrive - Shiv Nadar University\\Desktop\\final_testing\\final_test\\src\\components\\SingleRowTable\\SingleRowTable.jsx","all":false,"statementMap":{"0":{"start":{"line":1,"column":0},"end":{"line":1,"column":39}},"1":{"start":{"line":2,"column":0},"end":{"line":2,"column":35}},"2":{"start":{"line":3,"column":0},"end":{"line":3,"column":30}},"3":{"start":{"line":4,"column":0},"end":{"line":4,"column":33}},"4":{"start":{"line":5,"column":0},"end":{"line":5,"column":23}},"5":{"start":{"line":6,"column":0},"end":{"line":6,"column":13}},"6":{"start":{"line":7,"column":0},"end":{"line":7,"column":10}},"7":{"start":{"line":8,"column":0},"end":{"line":8,"column":10}},"8":{"start":{"line":9,"column":0},"end":{"line":9,"column":18}},"9":{"start":{"line":10,"column":0},"end":{"line":10,"column":12}},"10":{"start":{"line":11,"column":0},"end":{"line":11,"column":13}},"11":{"start":{"line":12,"column":0},"end":{"line":12,"column":8}},"12":{"start":{"line":13,"column":0},"end":{"line":13,"column":11}},"13":{"start":{"line":14,"column":0},"end":{"line":14,"column":8}},"14":{"start":{"line":15,"column":0},"end":{"line":15,"column":2}},"15":{"start":{"line":16,"column":0},"end":{"line":16,"column":25}},"16":{"start":{"line":17,"column":0},"end":{"line":17,"column":12}},"17":{"start":{"line":18,"column":0},"end":{"line":18,"column":11}},"18":{"start":{"line":19,"column":0},"end":{"line":19,"column":7}},"19":{"start":{"line":20,"column":0},"end":{"line":20,"column":8}},"20":{"start":{"line":21,"column":0},"end":{"line":21,"column":14}},"21":{"start":{"line":22,"column":0},"end":{"line":22,"column":20}},"22":{"start":{"line":23,"column":0},"end":{"line":23,"column":7}},"23":{"start":{"line":24,"column":0},"end":{"line":24,"column":54}},"24":{"start":{"line":25,"column":0},"end":{"line":25,"column":18}},"25":{"start":{"line":26,"column":0},"end":{"line":26,"column":20}},"26":{"start":{"line":27,"column":0},"end":{"line":27,"column":15}},"27":{"start":{"line":28,"column":0},"end":{"line":28,"column":14}},"28":{"start":{"line":29,"column":0},"end":{"line":29,"column":21}},"29":{"start":{"line":30,"column":0},"end":{"line":30,"column":24}},"30":{"start":{"line":31,"column":0},"end":{"line":31,"column":17}},"31":{"start":{"line":32,"column":0},"end":{"line":32,"column":22}},"32":{"start":{"line":33,"column":0},"end":{"line":33,"column":16}},"33":{"start":{"line":34,"column":0},"end":{"line":34,"column":17}},"34":{"start":{"line":35,"column":0},"end":{"line":35,"column":12}},"35":{"start":{"line":36,"column":0},"end":{"line":36,"column":19}},"36":{"start":{"line":37,"column":0},"end":{"line":37,"column":12}},"37":{"start":{"line":38,"column":0},"end":{"line":38,"column":5}},"38":{"start":{"line":39,"column":0},"end":{"line":39,"column":0}},"39":{"start":{"line":40,"column":0},"end":{"line":40,"column":49}},"40":{"start":{"line":41,"column":0},"end":{"line":41,"column":38}},"41":{"start":{"line":42,"column":0},"end":{"line":42,"column":71}},"42":{"start":{"line":43,"column":0},"end":{"line":43,"column":46}},"43":{"start":{"line":44,"column":0},"end":{"line":44,"column":39}},"44":{"start":{"line":45,"column":0},"end":{"line":45,"column":27}},"45":{"start":{"line":46,"column":0},"end":{"line":46,"column":7}},"46":{"start":{"line":47,"column":0},"end":{"line":47,"column":4}},"47":{"start":{"line":48,"column":0},"end":{"line":48,"column":0}},"48":{"start":{"line":49,"column":0},"end":{"line":49,"column":49}},"49":{"start":{"line":50,"column":0},"end":{"line":50,"column":10}},"50":{"start":{"line":51,"column":0},"end":{"line":51,"column":37}},"51":{"start":{"line":52,"column":0},"end":{"line":52,"column":71}},"52":{"start":{"line":53,"column":0},"end":{"line":53,"column":15}},"53":{"start":{"line":54,"column":0},"end":{"line":54,"column":14}},"54":{"start":{"line":55,"column":0},"end":{"line":55,"column":48}},"55":{"start":{"line":56,"column":0},"end":{"line":56,"column":17}},"56":{"start":{"line":57,"column":0},"end":{"line":57,"column":24}},"57":{"start":{"line":58,"column":0},"end":{"line":58,"column":39}},"58":{"start":{"line":59,"column":0},"end":{"line":59,"column":36}},"59":{"start":{"line":60,"column":0},"end":{"line":60,"column":36}},"60":{"start":{"line":61,"column":0},"end":{"line":61,"column":35}},"61":{"start":{"line":62,"column":0},"end":{"line":62,"column":35}},"62":{"start":{"line":63,"column":0},"end":{"line":63,"column":18}},"63":{"start":{"line":64,"column":0},"end":{"line":64,"column":27}},"64":{"start":{"line":65,"column":0},"end":{"line":65,"column":15}},"65":{"start":{"line":66,"column":0},"end":{"line":66,"column":25}},"66":{"start":{"line":67,"column":0},"end":{"line":67,"column":19}},"67":{"start":{"line":68,"column":0},"end":{"line":68,"column":15}},"68":{"start":{"line":69,"column":0},"end":{"line":69,"column":15}},"69":{"start":{"line":70,"column":0},"end":{"line":70,"column":16}},"70":{"start":{"line":71,"column":0},"end":{"line":71,"column":0}},"71":{"start":{"line":72,"column":0},"end":{"line":72,"column":15}},"72":{"start":{"line":73,"column":0},"end":{"line":73,"column":14}},"73":{"start":{"line":74,"column":0},"end":{"line":74,"column":49}},"74":{"start":{"line":75,"column":0},"end":{"line":75,"column":17}},"75":{"start":{"line":76,"column":0},"end":{"line":76,"column":27}},"76":{"start":{"line":77,"column":0},"end":{"line":77,"column":24}},"77":{"start":{"line":78,"column":0},"end":{"line":78,"column":39}},"78":{"start":{"line":79,"column":0},"end":{"line":79,"column":36}},"79":{"start":{"line":80,"column":0},"end":{"line":80,"column":36}},"80":{"start":{"line":81,"column":0},"end":{"line":81,"column":35}},"81":{"start":{"line":82,"column":0},"end":{"line":82,"column":35}},"82":{"start":{"line":83,"column":0},"end":{"line":83,"column":55}},"83":{"start":{"line":84,"column":0},"end":{"line":84,"column":36}},"84":{"start":{"line":85,"column":0},"end":{"line":85,"column":18}},"85":{"start":{"line":86,"column":0},"end":{"line":86,"column":15}},"86":{"start":{"line":87,"column":0},"end":{"line":87,"column":66}},"87":{"start":{"line":88,"column":0},"end":{"line":88,"column":45}},"88":{"start":{"line":89,"column":0},"end":{"line":89,"column":38}},"89":{"start":{"line":90,"column":0},"end":{"line":90,"column":29}},"90":{"start":{"line":91,"column":0},"end":{"line":91,"column":47}},"91":{"start":{"line":92,"column":0},"end":{"line":92,"column":63}},"92":{"start":{"line":93,"column":0},"end":{"line":93,"column":32}},"93":{"start":{"line":94,"column":0},"end":{"line":94,"column":25}},"94":{"start":{"line":95,"column":0},"end":{"line":95,"column":28}},"95":{"start":{"line":96,"column":0},"end":{"line":96,"column":56}},"96":{"start":{"line":97,"column":0},"end":{"line":97,"column":75}},"97":{"start":{"line":98,"column":0},"end":{"line":98,"column":63}},"98":{"start":{"line":99,"column":0},"end":{"line":99,"column":24}},"99":{"start":{"line":100,"column":0},"end":{"line":100,"column":21}},"100":{"start":{"line":101,"column":0},"end":{"line":101,"column":23}},"101":{"start":{"line":102,"column":0},"end":{"line":102,"column":36}},"102":{"start":{"line":103,"column":0},"end":{"line":103,"column":19}},"103":{"start":{"line":104,"column":0},"end":{"line":104,"column":38}},"104":{"start":{"line":105,"column":0},"end":{"line":105,"column":75}},"105":{"start":{"line":106,"column":0},"end":{"line":106,"column":21}},"106":{"start":{"line":107,"column":0},"end":{"line":107,"column":24}},"107":{"start":{"line":108,"column":0},"end":{"line":108,"column":52}},"108":{"start":{"line":109,"column":0},"end":{"line":109,"column":71}},"109":{"start":{"line":110,"column":0},"end":{"line":110,"column":59}},"110":{"start":{"line":111,"column":0},"end":{"line":111,"column":20}},"111":{"start":{"line":112,"column":0},"end":{"line":112,"column":18}},"112":{"start":{"line":113,"column":0},"end":{"line":113,"column":19}},"113":{"start":{"line":114,"column":0},"end":{"line":114,"column":15}},"114":{"start":{"line":115,"column":0},"end":{"line":115,"column":15}},"115":{"start":{"line":116,"column":0},"end":{"line":116,"column":16}},"116":{"start":{"line":117,"column":0},"end":{"line":117,"column":14}},"117":{"start":{"line":118,"column":0},"end":{"line":118,"column":10}},"118":{"start":{"line":119,"column":0},"end":{"line":119,"column":4}},"119":{"start":{"line":120,"column":0},"end":{"line":120,"column":2}},"120":{"start":{"line":121,"column":0},"end":{"line":121,"column":0}},"121":{"start":{"line":122,"column":0},"end":{"line":122,"column":28}},"122":{"start":{"line":123,"column":0},"end":{"line":123,"column":39}},"123":{"start":{"line":124,"column":0},"end":{"line":124,"column":35}},"124":{"start":{"line":125,"column":0},"end":{"line":125,"column":25}},"125":{"start":{"line":126,"column":0},"end":{"line":126,"column":2}},"126":{"start":{"line":127,"column":0},"end":{"line":127,"column":0}},"127":{"start":{"line":128,"column":0},"end":{"line":128,"column":30}}},"s":{"0":1,"1":1,"2":1,"3":1,"4":1,"5":1,"6":1,"7":1,"8":1,"9":1,"10":1,"11":1,"12":1,"13":1,"14":1,"15":1,"16":3,"17":3,"18":3,"19":3,"20":3,"21":3,"22":3,"23":3,"24":3,"25":3,"26":3,"27":3,"28":3,"29":3,"30":3,"31":3,"32":3,"33":3,"34":3,"35":3,"36":3,"37":3,"38":3,"39":3,"40":0,"41":0,"42":0,"43":0,"44":0,"45":0,"46":0,"47":3,"48":3,"49":3,"50":3,"51":3,"52":3,"53":3,"54":3,"55":3,"56":3,"57":3,"58":3,"59":3,"60":3,"61":3,"62":3,"63":3,"64":3,"65":3,"66":3,"67":3,"68":3,"69":3,"70":3,"71":3,"72":3,"73":3,"74":3,"75":3,"76":3,"77":3,"78":3,"79":3,"80":3,"81":3,"82":3,"83":3,"84":3,"85":3,"86":3,"87":0,"88":0,"89":0,"90":0,"91":0,"92":0,"93":0,"94":0,"95":0,"96":0,"97":0,"98":0,"99":0,"100":0,"101":0,"102":3,"103":3,"104":0,"105":0,"106":3,"107":3,"108":3,"109":3,"110":3,"111":3,"112":3,"113":3,"114":3,"115":3,"116":3,"117":3,"118":3,"119":3,"120":1,"121":1,"122":1,"123":1,"124":1,"125":1,"126":1,"127":1},"branchMap":{"0":{"type":"branch","line":16,"loc":{"start":{"line":16,"column":23},"end":{"line":120,"column":2}},"locations":[{"start":{"line":16,"column":23},"end":{"line":120,"column":2}}]},"1":{"type":"branch","line":83,"loc":{"start":{"line":83,"column":35},"end":{"line":83,"column":52}},"locations":[{"start":{"line":83,"column":35},"end":{"line":83,"column":52}}]},"2":{"type":"branch","line":87,"loc":{"start":{"line":87,"column":17},"end":{"line":87,"column":66}},"locations":[{"start":{"line":87,"column":17},"end":{"line":87,"column":66}}]},"3":{"type":"branch","line":87,"loc":{"start":{"line":87,"column":53},"end":{"line":102,"column":36}},"locations":[{"start":{"line":87,"column":53},"end":{"line":102,"column":36}}]},"4":{"type":"branch","line":104,"loc":{"start":{"line":104,"column":29},"end":{"line":107,"column":19}},"locations":[{"start":{"line":104,"column":29},"end":{"line":107,"column":19}}]}},"b":{"0":[3],"1":[0],"2":[0],"3":[0],"4":[0]},"fnMap":{"0":{"name":"SingleRowTable","decl":{"start":{"line":16,"column":23},"end":{"line":120,"column":2}},"loc":{"start":{"line":16,"column":23},"end":{"line":120,"column":2}},"line":16},"1":{"name":"internalHandleInputChange","decl":{"start":{"line":40,"column":36},"end":{"line":47,"column":4}},"loc":{"start":{"line":40,"column":36},"end":{"line":47,"column":4}},"line":40},"2":{"name":"onChange","decl":{"start":{"line":97,"column":34},"end":{"line":97,"column":75}},"loc":{"start":{"line":97,"column":34},"end":{"line":97,"column":75}},"line":97},"3":{"name":"onChange","decl":{"start":{"line":109,"column":30},"end":{"line":109,"column":71}},"loc":{"start":{"line":109,"column":30},"end":{"line":109,"column":71}},"line":109}},"f":{"0":3,"1":0,"2":0,"3":0}}
,"C:\\Users\\Acer\\OneDrive - Shiv Nadar University\\Desktop\\final_testing\\final_test\\src\\mocks\\handlers.js": {"path":"C:\\Users\\Acer\\OneDrive - Shiv Nadar University\\Desktop\\final_testing\\final_test\\src\\mocks\\handlers.js","all":false,"statementMap":{"0":{"start":{"line":1,"column":0},"end":{"line":1,"column":20}},"1":{"start":{"line":2,"column":0},"end":{"line":2,"column":70}},"2":{"start":{"line":3,"column":0},"end":{"line":3,"column":78}},"3":{"start":{"line":4,"column":0},"end":{"line":4,"column":0}},"4":{"start":{"line":5,"column":0},"end":{"line":5,"column":25}},"5":{"start":{"line":6,"column":0},"end":{"line":6,"column":52}},"6":{"start":{"line":7,"column":0},"end":{"line":7,"column":52}},"7":{"start":{"line":8,"column":0},"end":{"line":8,"column":56}},"8":{"start":{"line":9,"column":0},"end":{"line":9,"column":14}},"9":{"start":{"line":10,"column":0},"end":{"line":10,"column":41}},"10":{"start":{"line":11,"column":0},"end":{"line":11,"column":51}},"11":{"start":{"line":12,"column":0},"end":{"line":12,"column":52}},"12":{"start":{"line":13,"column":0},"end":{"line":13,"column":43}},"13":{"start":{"line":14,"column":0},"end":{"line":14,"column":7}},"14":{"start":{"line":15,"column":0},"end":{"line":15,"column":1}}},"s":{"0":1,"1":1,"2":1,"3":1,"4":1,"5":1,"6":1,"7":1,"8":1,"9":1,"10":0,"11":0,"12":0,"13":1,"14":1},"branchMap":{},"b":{},"fnMap":{},"f":{}}
,"C:\\Users\\Acer\\OneDrive - Shiv Nadar University\\Desktop\\final_testing\\final_test\\src\\pages\\Filler\\FillerSidebar\\FillerBreadCrump.jsx": {"path":"C:\\Users\\Acer\\OneDrive - Shiv Nadar University\\Desktop\\final_testing\\final_test\\src\\pages\\Filler\\FillerSidebar\\FillerBreadCrump.jsx","all":false,"statementMap":{"0":{"start":{"line":1,"column":0},"end":{"line":1,"column":26}},"1":{"start":{"line":2,"column":0},"end":{"line":2,"column":52}},"2":{"start":{"line":3,"column":0},"end":{"line":3,"column":38}},"3":{"start":{"line":4,"column":0},"end":{"line":4,"column":50}},"4":{"start":{"line":5,"column":0},"end":{"line":5,"column":0}},"5":{"start":{"line":6,"column":0},"end":{"line":6,"column":64}},"6":{"start":{"line":7,"column":0},"end":{"line":7,"column":10}},"7":{"start":{"line":8,"column":0},"end":{"line":8,"column":114}},"8":{"start":{"line":9,"column":0},"end":{"line":9,"column":0}},"9":{"start":{"line":10,"column":0},"end":{"line":10,"column":112}},"10":{"start":{"line":11,"column":0},"end":{"line":11,"column":129}},"11":{"start":{"line":12,"column":0},"end":{"line":12,"column":13}},"12":{"start":{"line":13,"column":0},"end":{"line":13,"column":114}},"13":{"start":{"line":14,"column":0},"end":{"line":14,"column":115}},"14":{"start":{"line":15,"column":0},"end":{"line":15,"column":13}},"15":{"start":{"line":16,"column":0},"end":{"line":16,"column":140}},"16":{"start":{"line":17,"column":0},"end":{"line":17,"column":18}},"17":{"start":{"line":18,"column":0},"end":{"line":18,"column":4}},"18":{"start":{"line":19,"column":0},"end":{"line":19,"column":2}},"19":{"start":{"line":20,"column":0},"end":{"line":20,"column":0}},"20":{"start":{"line":21,"column":0},"end":{"line":21,"column":32}}},"s":{"0":1,"1":1,"2":1,"3":1,"4":1,"5":1,"6":0,"7":0,"8":0,"9":0,"10":0,"11":0,"12":0,"13":0,"14":0,"15":0,"16":0,"17":0,"18":0,"19":1,"20":1},"branchMap":{},"b":{},"fnMap":{"0":{"name":"FillerBreadCrump","decl":{"start":{"line":6,"column":25},"end":{"line":19,"column":2}},"loc":{"start":{"line":6,"column":25},"end":{"line":19,"column":2}},"line":6}},"f":{"0":0}}
[...]
,"C:\\Users\\Acer\\OneDrive - Shiv Nadar University\\Desktop\\final_testing\\final_test\\src\\store\\apis\\createrApi\\ModelDetailApi.js": {"path":"C:\\Users\\Acer\\OneDrive - Shiv Nadar University\\Desktop\\final_testing\\final_test\\src\\store\\apis\\createrApi\\ModelDetailApi.js","all":false,"statementMap":{"0":{"start":{"line":1,"column":0},"end":{"line":1,"column":129}},"1":{"start":{"line":2,"column":0},"end":{"line":2,"column":87}},"2":{"start":{"line":3,"column":0},"end":{"line":3,"column":76}},"3":{"start":{"line":4,"column":0},"end":{"line":4,"column":35}},"4":{"start":{"line":5,"column":0},"end":{"line":5,"column":32}},"5":{"start":{"line":6,"column":0},"end":{"line":6,"column":31}},"6":{"start":{"line":7,"column":0},"end":{"line":7,"column":29}},"7":{"start":{"line":8,"column":0},"end":{"line":8,"column":7}},"8":{"start":{"line":9,"column":0},"end":{"line":9,"column":24}},"9":{"start":{"line":10,"column":0},"end":{"line":10,"column":16}},"10":{"start":{"line":11,"column":0},"end":{"line":11,"column":47}},"11":{"start":{"line":12,"column":0},"end":{"line":12,"column":60}},"12":{"start":{"line":13,"column":0},"end":{"line":13,"column":63}},"13":{"start":{"line":14,"column":0},"end":{"line":14,"column":69}},"14":{"start":{"line":15,"column":0},"end":{"line":15,"column":18}},"15":{"start":{"line":16,"column":0},"end":{"line":16,"column":42}},"16":{"start":{"line":17,"column":0},"end":{"line":17,"column":63}},"17":{"start":{"line":18,"column":0},"end":{"line":18,"column":28}},"18":{"start":{"line":19,"column":0},"end":{"line":19,"column":39}},"19":{"start":{"line":20,"column":0},"end":{"line":20,"column":43}},"20":{"start":{"line":21,"column":0},"end":{"line":21,"column":38}},"21":{"start":{"line":22,"column":0},"end":{"line":22,"column":33}},"22":{"start":{"line":23,"column":0},"end":{"line":23,"column":60}},"23":{"start":{"line":24,"column":0},"end":{"line":24,"column":56}},"24":{"start":{"line":25,"column":0},"end":{"line":25,"column":27}},"25":{"start":{"line":26,"column":0},"end":{"line":26,"column":21}},"26":{"start":{"line":27,"column":0},"end":{"line":27,"column":17}},"27":{"start":{"line":28,"column":0},"end":{"line":28,"column":15}},"28":{"start":{"line":29,"column":0},"end":{"line":29,"column":46}},"29":{"start":{"line":30,"column":0},"end":{"line":30,"column":57}},"30":{"start":{"line":31,"column":0},"end":{"line":31,"column":69}},"31":{"start":{"line":32,"column":0},"end":{"line":32,"column":18}},"32":{"start":{"line":33,"column":0},"end":{"line":33,"column":35}},"33":{"start":{"line":34,"column":0},"end":{"line":34,"column":28}},"34":{"start":{"line":35,"column":0},"end":{"line":35,"column":44}},"35":{"start":{"line":36,"column":0},"end":{"line":36,"column":33}},"36":{"start":{"line":37,"column":0},"end":{"line":37,"column":60}},"37":{"start":{"line":38,"column":0},"end":{"line":38,"column":56}},"38":{"start":{"line":39,"column":0},"end":{"line":39,"column":28}},"39":{"start":{"line":40,"column":0},"end":{"line":40,"column":39}},"40":{"start":{"line":41,"column":0},"end":{"line":41,"column":50}},"41":{"start":{"line":42,"column":0},"end":{"line":42,"column":21}},"42":{"start":{"line":43,"column":0},"end":{"line":43,"column":17}},"43":{"start":{"line":44,"column":0},"end":{"line":44,"column":15}},"44":{"start":{"line":45,"column":0},"end":{"line":45,"column":58}},"45":{"start":{"line":46,"column":0},"end":{"line":46,"column":16}},"46":{"start":{"line":47,"column":0},"end":{"line":47,"column":37}},"47":{"start":{"line":48,"column":0},"end":{"line":48,"column":28}},"48":{"start":{"line":49,"column":0},"end":{"line":49,"column":84}},"49":{"start":{"line":50,"column":0},"end":{"line":50,"column":33}},"50":{"start":{"line":51,"column":0},"end":{"line":51,"column":60}},"51":{"start":{"line":52,"column":0},"end":{"line":52,"column":56}},"52":{"start":{"line":53,"column":0},"end":{"line":53,"column":28}},"53":{"start":{"line":54,"column":0},"end":{"line":54,"column":37}},"54":{"start":{"line":55,"column":0},"end":{"line":55,"column":21}},"55":{"start":{"line":56,"column":0},"end":{"line":56,"column":17}},"56":{"start":{"line":57,"column":0},"end":{"line":57,"column":15}},"57":{"start":{"line":58,"column":0},"end":{"line":58,"column":51}},"58":{"start":{"line":59,"column":0},"end":{"line":59,"column":16}},"59":{"start":{"line":60,"column":0},"end":{"line":60,"column":34}},"60":{"start":{"line":61,"column":0},"end":{"line":61,"column":28}},"61":{"start":{"line":62,"column":0},"end":{"line":62,"column":67}},"62":{"start":{"line":63,"column":0},"end":{"line":63,"column":34}},"63":{"start":{"line":64,"column":0},"end":{"line":64,"column":39}},"64":{"start":{"line":65,"column":0},"end":{"line":65,"column":33}},"65":{"start":{"line":66,"column":0},"end":{"line":66,"column":60}},"66":{"start":{"line":67,"column":0},"end":{"line":67,"column":56}},"67":{"start":{"line":68,"column":0},"end":{"line":68,"column":27}},"68":{"start":{"line":69,"column":0},"end":{"line":69,"column":21}},"69":{"start":{"line":70,"column":0},"end":{"line":70,"column":17}},"70":{"start":{"line":71,"column":0},"end":{"line":71,"column":14}},"71":{"start":{"line":72,"column":0},"end":{"line":72,"column":9}},"72":{"start":{"line":73,"column":0},"end":{"line":73,"column":5}},"73":{"start":{"line":74,"column":0},"end":{"line":74,"column":2}},"74":{"start":{"line":75,"column":0},"end":{"line":75,"column":0}},"75":{"start":{"line":76,"column":0},"end":{"line":76,"column":158}},"76":{"start":{"line":77,"column":0},"end":{"line":77,"column":27}}},"s":{"0":1,"1":1,"2":1,"3":1,"4":1,"5":1,"6":1,"7":1,"8":1,"9":1,"10":1,"11":1,"12":0,"13":0,"14":1,"15":1,"16":0,"17":0,"18":0,"19":0,"20":0,"21":0,"22":0,"23":0,"24":0,"25":0,"26":0,"27":1,"28":1,"29":1,"30":0,"31":1,"32":1,"33":0,"34":0,"35":0,"36":0,"37":0,"38":0,"39":0,"40":0,"41":0,"42":0,"43":1,"44":1,"45":1,"46":1,"47":0,"48":0,"49":0,"50":0,"51":0,"52":0,"53":0,"54":0,"55":0,"56":1,"57":1,"58":1,"59":1,"60":0,"61":0,"62":0,"63":0,"64":0,"65":0,"66":0,"67":0,"68":0,"69":0,"70":1,"71":1,"72":1,"73":1,"74":1,"75":1,"76":1},"branchMap":{"0":{"type":"branch","line":9,"loc":{"start":{"line":9,"column":4},"end":{"line":73,"column":5}},"locations":[{"start":{"line":9,"column":4},"end":{"line":73,"column":5}}]}},"b":{"0":[1]},"fnMap":{"0":{"name":"endpoints","decl":{"start":{"line":9,"column":4},"end":{"line":73,"column":5}},"loc":{"start":{"line":9,"column":4},"end":{"line":73,"column":5}},"line":9},"1":{"name":"invalidatesTags","decl":{"start":{"line":12,"column":33},"end":{"line":15,"column":17}},"loc":{"start":{"line":12,"column":33},"end":{"line":15,"column":17}},"line":12},"2":{"name":"query","decl":{"start":{"line":16,"column":23},"end":{"line":27,"column":17}},"loc":{"start":{"line":16,"column":23},"end":{"line":27,"column":17}},"line":16},"3":{"name":"providesTags","decl":{"start":{"line":30,"column":30},"end":{"line":32,"column":17}},"loc":{"start":{"line":30,"column":30},"end":{"line":32,"column":17}},"line":30},"4":{"name":"query","decl":{"start":{"line":33,"column":23},"end":{"line":43,"column":17}},"loc":{"start":{"line":33,"column":23},"end":{"line":43,"column":17}},"line":33},"5":{"name":"query","decl":{"start":{"line":47,"column":23},"end":{"line":56,"column":17}},"loc":{"start":{"line":47,"column":23},"end":{"line":56,"column":17}},"line":47},"6":{"name":"query","decl":{"start":{"line":60,"column":23},"end":{"line":70,"column":17}},"loc":{"start":{"line":60,"column":23},"end":{"line":70,"column":17}},"line":60}},"f":{"0":1,"1":0,"2":0,"3":0,"4":0,"5":0,"6":0}}
,"C:\\Users\\Acer\\OneDrive - Shiv Nadar University\\Desktop\\final_testing\\final_test\\src\\store\\apis\\createrApi\\createModelApi.js": {"path":"C:\\Users\\Acer\\OneDrive - Shiv Nadar University\\Desktop\\final_testing\\final_test\\src\\store\\apis\\createrApi\\createModelApi.js","all":false,"statementMap":{"0":{"start":{"line":1,"column":0},"end":{"line":1,"column":128}},"1":{"start":{"line":2,"column":0},"end":{"line":2,"column":57}},"2":{"start":{"line":3,"column":0},"end":{"line":3,"column":75}},"3":{"start":{"line":4,"column":0},"end":{"line":4,"column":0}},"4":{"start":{"line":5,"column":0},"end":{"line":5,"column":34}},"5":{"start":{"line":6,"column":0},"end":{"line":6,"column":31}},"6":{"start":{"line":7,"column":0},"end":{"line":7,"column":30}},"7":{"start":{"line":8,"column":0},"end":{"line":8,"column":28}},"8":{"start":{"line":9,"column":0},"end":{"line":9,"column":7}},"9":{"start":{"line":10,"column":0},"end":{"line":10,"column":23}},"10":{"start":{"line":11,"column":0},"end":{"line":11,"column":15}},"11":{"start":{"line":12,"column":0},"end":{"line":12,"column":52}},"12":{"start":{"line":13,"column":0},"end":{"line":13,"column":31}},"13":{"start":{"line":14,"column":0},"end":{"line":14,"column":27}},"14":{"start":{"line":15,"column":0},"end":{"line":15,"column":33}},"15":{"start":{"line":16,"column":0},"end":{"line":16,"column":60}},"16":{"start":{"line":17,"column":0},"end":{"line":17,"column":56}},"17":{"start":{"line":18,"column":0},"end":{"line":18,"column":28}},"18":{"start":{"line":19,"column":0},"end":{"line":19,"column":46}},"19":{"start":{"line":20,"column":0},"end":{"line":20,"column":37}},"20":{"start":{"line":21,"column":0},"end":{"line":21,"column":32}},"21":{"start":{"line":22,"column":0},"end":{"line":22,"column":59}},"22":{"start":{"line":23,"column":0},"end":{"line":23,"column":41}},"23":{"start":{"line":24,"column":0},"end":{"line":24,"column":27}},"24":{"start":{"line":25,"column":0},"end":{"line":25,"column":25}},"25":{"start":{"line":26,"column":0},"end":{"line":26,"column":21}},"26":{"start":{"line":27,"column":0},"end":{"line":27,"column":17}},"27":{"start":{"line":28,"column":0},"end":{"line":28,"column":15}},"28":{"start":{"line":29,"column":0},"end":{"line":29,"column":54}},"29":{"start":{"line":30,"column":0},"end":{"line":30,"column":31}},"30":{"start":{"line":31,"column":0},"end":{"line":31,"column":27}},"31":{"start":{"line":32,"column":0},"end":{"line":32,"column":33}},"32":{"start":{"line":33,"column":0},"end":{"line":33,"column":60}},"33":{"start":{"line":34,"column":0},"end":{"line":34,"column":56}},"34":{"start":{"line":35,"column":0},"end":{"line":35,"column":28}},"35":{"start":{"line":36,"column":0},"end":{"line":36,"column":38}},"36":{"start":{"line":37,"column":0},"end":{"line":37,"column":38}},"37":{"start":{"line":38,"column":0},"end":{"line":38,"column":34}},"38":{"start":{"line":39,"column":0},"end":{"line":39,"column":21}},"39":{"start":{"line":40,"column":0},"end":{"line":40,"column":17}},"40":{"start":{"line":41,"column":0},"end":{"line":41,"column":14}},"41":{"start":{"line":42,"column":0},"end":{"line":42,"column":9}},"42":{"start":{"line":43,"column":0},"end":{"line":43,"column":5}},"43":{"start":{"line":44,"column":0},"end":{"line":44,"column":2}},"44":{"start":{"line":45,"column":0},"end":{"line":45,"column":98}},"45":{"start":{"line":46,"column":0},"end":{"line":46,"column":24}}},"s":{"0":1,"1":1,"2":1,"3":1,"4":1,"5":1,"6":1,"7":1,"8":1,"9":1,"10":1,"11":1,"12":1,"13":0,"14":0,"15":0,"16":0,"17":0,"18":0,"19":0,"20":0,"21":0,"22":0,"23":0,"24":0,"25":0,"26":0,"27":1,"28":1,"29":1,"30":0,"31":0,"32":0,"33":0,"34":0,"35":0,"36":0,"37":0,"38":0,"39":0,"40":1,"41":1,"42":1,"43":1,"44":1,"45":1},"branchMap":{"0":{"type":"branch","line":10,"loc":{"start":{"line":10,"column":4},"end":{"line":43,"column":5}},"locations":[{"start":{"line":10,"column":4},"end":{"line":43,"column":5}}]}},"b":{"0":[1]},"fnMap":{"0":{"name":"endpoints","decl":{"start":{"line":10,"column":4},"end":{"line":43,"column":5}},"loc":{"start":{"line":10,"column":4},"end":{"line":43,"column":5}},"line":10},"1":{"name":"query","decl":{"start":{"line":13,"column":22},"end":{"line":27,"column":17}},"loc":{"start":{"line":13,"column":22},"end":{"line":27,"column":17}},"line":13},"2":{"name":"query","decl":{"start":{"line":30,"column":22},"end":{"line":40,"column":17}},"loc":{"start":{"line":30,"column":22},"end":{"line":40,"column":17}},"line":30}},"f":{"0":1,"1":0,"2":0}}
,"C:\\Users\\Acer\\OneDrive - Shiv Nadar University\\Desktop\\final_testing\\final_test\\src\\store\\apis\\createrApi\\modelListApi.js": {"path":"C:\\Users\\Acer\\OneDrive - Shiv Nadar University\\Desktop\\final_testing\\final_test\\src\\store\\apis\\createrApi\\modelListApi.js","all":false,"statementMap":{"0":{"start":{"line":1,"column":0},"end":{"line":1,"column":129}},"1":{"start":{"line":2,"column":0},"end":{"line":2,"column":78}},"2":{"start":{"line":3,"column":0},"end":{"line":3,"column":76}},"3":{"start":{"line":4,"column":0},"end":{"line":4,"column":32}},"4":{"start":{"line":5,"column":0},"end":{"line":5,"column":46}},"5":{"start":{"line":6,"column":0},"end":{"line":6,"column":31}},"6":{"start":{"line":7,"column":0},"end":{"line":7,"column":45}},"7":{"start":{"line":8,"column":0},"end":{"line":8,"column":7}},"8":{"start":{"line":9,"column":0},"end":{"line":9,"column":24}},"9":{"start":{"line":10,"column":0},"end":{"line":10,"column":16}},"10":{"start":{"line":11,"column":0},"end":{"line":11,"column":47}},"11":{"start":{"line":12,"column":0},"end":{"line":12,"column":35}},"12":{"start":{"line":13,"column":0},"end":{"line":13,"column":28}},"13":{"start":{"line":14,"column":0},"end":{"line":14,"column":66}},"14":{"start":{"line":15,"column":0},"end":{"line":15,"column":41}},"15":{"start":{"line":16,"column":0},"end":{"line":16,"column":33}},"16":{"start":{"line":17,"column":0},"end":{"line":17,"column":60}},"17":{"start":{"line":18,"column":0},"end":{"line":18,"column":56}},"18":{"start":{"line":19,"column":0},"end":{"line":19,"column":27}},"19":{"start":{"line":20,"column":0},"end":{"line":20,"column":21}},"20":{"start":{"line":21,"column":0},"end":{"line":21,"column":17}},"21":{"start":{"line":22,"column":0},"end":{"line":22,"column":15}},"22":{"start":{"line":23,"column":0},"end":{"line":23,"column":45}},"23":{"start":{"line":24,"column":0},"end":{"line":24,"column":67}},"24":{"start":{"line":25,"column":0},"end":{"line":25,"column":59}},"25":{"start":{"line":26,"column":0},"end":{"line":26,"column":50}},"26":{"start":{"line":27,"column":0},"end":{"line":27,"column":18}},"27":{"start":{"line":28,"column":0},"end":{"line":28,"column":34}},"28":{"start":{"line":29,"column":0},"end":{"line":29,"column":28}},"29":{"start":{"line":30,"column":0},"end":{"line":30,"column":55}},"30":{"start":{"line":31,"column":0},"end":{"line":31,"column":35}},"31":{"start":{"line":32,"column":0},"end":{"line":32,"column":40}},"32":{"start":{"line":33,"column":0},"end":{"line":33,"column":33}},"33":{"start":{"line":34,"column":0},"end":{"line":34,"column":60}},"34":{"start":{"line":35,"column":0},"end":{"line":35,"column":56}},"35":{"start":{"line":36,"column":0},"end":{"line":36,"column":27}},"36":{"start":{"line":37,"column":0},"end":{"line":37,"column":21}},"37":{"start":{"line":38,"column":0},"end":{"line":38,"column":17}},"38":{"start":{"line":39,"column":0},"end":{"line":39,"column":15}},"39":{"start":{"line":40,"column":0},"end":{"line":40,"column":44}},"40":{"start":{"line":41,"column":0},"end":{"line":41,"column":62}},"41":{"start":{"line":42,"column":0},"end":{"line":42,"column":56}},"42":{"start":{"line":43,"column":0},"end":{"line":43,"column":57}},"43":{"start":{"line":44,"column":0},"end":{"line":44,"column":50}},"44":{"start":{"line":45,"column":0},"end":{"line":45,"column":18}},"45":{"start":{"line":46,"column":0},"end":{"line":46,"column":34}},"46":{"start":{"line":47,"column":0},"end":{"line":47,"column":28}},"47":{"start":{"line":48,"column":0},"end":{"line":48,"column":48}},"48":{"start":{"line":49,"column":0},"end":{"line":49,"column":33}},"49":{"start":{"line":50,"column":0},"end":{"line":50,"column":44}},"50":{"start":{"line":51,"column":0},"end":{"line":51,"column":26}},"51":{"start":{"line":52,"column":0},"end":{"line":52,"column":39}},"52":{"start":{"line":53,"column":0},"end":{"line":53,"column":68}},"53":{"start":{"line":54,"column":0},"end":{"line":54,"column":33}},"54":{"start":{"line":55,"column":0},"end":{"line":55,"column":60}},"55":{"start":{"line":56,"column":0},"end":{"line":56,"column":56}},"56":{"start":{"line":57,"column":0},"end":{"line":57,"column":27}},"57":{"start":{"line":58,"column":0},"end":{"line":58,"column":21}},"58":{"start":{"line":59,"column":0},"end":{"line":59,"column":17}},"59":{"start":{"line":60,"column":0},"end":{"line":60,"column":14}},"60":{"start":{"line":61,"column":0},"end":{"line":61,"column":9}},"61":{"start":{"line":62,"column":0},"end":{"line":62,"column":5}},"62":{"start":{"line":63,"column":0},"end":{"line":63,"column":2}},"63":{"start":{"line":64,"column":0},"end":{"line":64,"column":48}},"64":{"start":{"line":65,"column":0},"end":{"line":65,"column":42}},"65":{"start":{"line":66,"column":0},"end":{"line":66,"column":40}},"66":{"start":{"line":67,"column":0},"end":{"line":67,"column":110}},"67":{"start":{"line":68,"column":0},"end":{"line":68,"column":24}},"68":{"start":{"line":69,"column":0},"end":{"line":69,"column":0}},"69":{"start":{"line":70,"column":0},"end":{"line":70,"column":13}}},"s":{"0":1,"1":1,"2":1,"3":1,"4":1,"5":1,"6":1,"7":1,"8":1,"9":1,"10":1,"11":1,"12":0,"13":0,"14":0,"15":0,"16":0,"17":0,"18":0,"19":0,"20":0,"21":1,"22":1,"23":1,"24":1,"25":0,"26":1,"27":1,"28":0,"29":0,"30":0,"31":0,"32":0,"33":0,"34":0,"35":0,"36":0,"37":0,"38":1,"39":1,"40":1,"41":1,"42":0,"43":0,"44":1,"45":1,"46":0,"47":0,"48":0,"49":0,"50":0,"51":0,"52":0,"53":0,"54":0,"55":0,"56":0,"57":0,"58":0,"59":1,"60":1,"61":1,"62":1,"63":1,"64":1,"65":1,"66":1,"67":1,"68":1,"69":1},"branchMap":{"0":{"type":"branch","line":9,"loc":{"start":{"line":9,"column":4},"end":{"line":62,"column":5}},"locations":[{"start":{"line":9,"column":4},"end":{"line":62,"column":5}}]}},"b":{"0":[1]},"fnMap":{"0":{"name":"endpoints","decl":{"start":{"line":9,"column":4},"end":{"line":62,"column":5}},"loc":{"start":{"line":9,"column":4},"end":{"line":62,"column":5}},"line":9},"1":{"name":"query","decl":{"start":{"line":12,"column":23},"end":{"line":21,"column":17}},"loc":{"start":{"line":12,"column":23},"end":{"line":21,"column":17}},"line":12},"2":{"name":"invalidatesTags","decl":{"start":{"line":25,"column":33},"end":{"line":27,"column":17}},"loc":{"start":{"line":25,"column":33},"end":{"line":27,"column":17}},"line":25},"3":{"name":"query","decl":{"start":{"line":28,"column":23},"end":{"line":38,"column":17}},"loc":{"start":{"line":28,"column":23},"end":{"line":38,"column":17}},"line":28},"4":{"name":"providesTags","decl":{"start":{"line":42,"column":30},"end":{"line":45,"column":17}},"loc":{"start":{"line":42,"column":30},"end":{"line":45,"column":17}},"line":42},"5":{"name":"query","decl":{"start":{"line":46,"column":23},"end":{"line":59,"column":17}},"loc":{"start":{"line":46,"column":23},"end":{"line":59,"column":17}},"line":46}},"f":{"0":1,"1":0,"2":0,"3":0,"4":0,"5":0}}
}
